<?xml version="1.0" encoding="UTF-8"?>
<coverage generated="1776850865979" clover="3.2.0">
  <project timestamp="1776850865979" name="All files">
    <metrics statements="82" coveredstatements="69" conditionals="45" coveredconditionals="30" methods="4" coveredmethods="2" elements="131" coveredelements="101" complexity="0" loc="82" ncloc="82" packages="2" files="5" classes="5"/>
    <package name="errors">
      <metrics statements="12" coveredstatements="6" conditionals="11" coveredconditionals="1" methods="2" coveredmethods="1"/>
      <file name="TrinaryError.js" path="/home/runner/work/spml/spml/src/errors/TrinaryError.js">
        <metrics statements="12" coveredstatements="6" conditionals="11" coveredconditionals="1" methods="2" coveredmethods="1"/>
        <line num="25" count="4" type="stmt"/>
        <line num="26" count="4" type="stmt"/>
        <line num="27" count="4" type="stmt"/>
        <line num="28" count="4" type="stmt"/>
        <line num="29" count="4" type="stmt"/>
        <line num="30" count="4" type="stmt"/>
        <line num="45" count="0" type="cond" truecount="0" falsecount="2"/>
        <line num="50" count="0" type="stmt"/>
        <line num="52" count="0" type="stmt"/>
        <line num="53" count="0" type="cond" truecount="0" falsecount="2"/>
        <line num="54" count="0" type="stmt"/>
        <line num="56" count="0" type="stmt"/>
      </file>
    </package>
    <package name="lexer">
      <metrics statements="70" coveredstatements="63" conditionals="34" coveredconditionals="29" methods="2" coveredmethods="1"/>
      <file name="keywords.js" path="/home/runner/work/spml/spml/src/lexer/keywords.js">
        <metrics statements="1" coveredstatements="1" conditionals="0" coveredconditionals="0" methods="0" coveredmethods="0"/>
        <line num="6" count="1" type="stmt"/>
      </file>
      <file name="lexer.js" path="/home/runner/work/spml/spml/src/lexer/lexer.js">
        <metrics statements="67" coveredstatements="60" conditionals="34" coveredconditionals="29" methods="2" coveredmethods="1"/>
        <line num="21" count="29" type="stmt"/>
        <line num="22" count="29" type="stmt"/>
        <line num="23" count="29" type="stmt"/>
        <line num="25" count="29" type="stmt"/>
        <line num="26" count="70" type="stmt"/>
        <line num="27" count="70" type="stmt"/>
        <line num="30" count="70" type="stmt"/>
        <line num="33" count="70" type="cond" truecount="1" falsecount="1"/>
        <line num="36" count="70" type="cond" truecount="2" falsecount="0"/>
        <line num="41" count="68" type="stmt"/>
        <line num="42" count="68" type="stmt"/>
        <line num="43" count="164" type="cond" truecount="4" falsecount="0"/>
        <line num="44" count="96" type="stmt"/>
        <line num="46" count="68" type="stmt"/>
        <line num="52" count="68" type="cond" truecount="2" falsecount="2"/>
        <line num="53" count="0" type="stmt"/>
        <line num="57" count="0" type="stmt"/>
        <line num="58" count="0" type="stmt"/>
        <line num="59" count="68" type="cond" truecount="1" falsecount="1"/>
        <line num="61" count="0" type="stmt"/>
        <line num="63" count="68" type="stmt"/>
        <line num="66" count="68" type="stmt"/>
        <line num="68" count="68" type="cond" truecount="2" falsecount="0"/>
        <line num="69" count="17" type="stmt"/>
        <line num="70" count="17" type="stmt"/>
        <line num="72" count="51" type="stmt"/>
        <line num="73" count="2" type="stmt"/>
        <line num="74" count="2" type="stmt"/>
        <line num="80" count="68" type="stmt"/>
        <line num="81" count="68" type="stmt"/>
        <line num="83" count="68" type="stmt"/>
        <line num="85" count="187" type="stmt"/>
        <line num="86" count="187" type="cond" truecount="2" falsecount="0"/>
        <line num="87" count="55" type="stmt"/>
        <line num="88" count="55" type="stmt"/>
        <line num="89" count="55" type="stmt"/>
        <line num="93" count="132" type="cond" truecount="2" falsecount="0"/>
        <line num="95" count="131" type="stmt"/>
        <line num="97" count="131" type="stmt"/>
        <line num="99" count="512" type="cond" truecount="2" falsecount="0"/>
        <line num="101" count="508" type="stmt"/>
        <line num="102" count="508" type="cond" truecount="2" falsecount="0"/>
        <line num="103" count="127" type="stmt"/>
        <line num="104" count="127" type="stmt"/>
        <line num="105" count="127" type="stmt"/>
        <line num="107" count="127" type="cond" truecount="2" falsecount="0"/>
        <line num="109" count="8" type="stmt"/>
        <line num="110" count="119" type="cond" truecount="2" falsecount="0"/>
        <line num="112" count="97" type="cond" truecount="2" falsecount="0"/>
        <line num="113" count="81" type="stmt"/>
        <line num="115" count="22" type="cond" truecount="1" falsecount="1"/>
        <line num="117" count="0" type="stmt"/>
        <line num="120" count="127" type="stmt"/>
        <line num="121" count="127" type="stmt"/>
        <line num="122" count="127" type="stmt"/>
        <line num="123" count="127" type="stmt"/>
        <line num="124" count="127" type="stmt"/>
        <line num="128" count="131" type="cond" truecount="2" falsecount="0"/>
        <line num="129" count="4" type="stmt"/>
        <line num="137" count="64" type="stmt"/>
        <line num="141" count="25" type="stmt"/>
        <line num="142" count="15" type="stmt"/>
        <line num="143" count="15" type="stmt"/>
        <line num="146" count="25" type="stmt"/>
        <line num="148" count="25" type="stmt"/>
        <line num="158" count="0" type="stmt"/>
        <line num="159" count="0" type="stmt"/>
      </file>
      <file name="patterns.js" path="/home/runner/work/spml/spml/src/lexer/patterns.js">
        <metrics statements="1" coveredstatements="1" conditionals="0" coveredconditionals="0" methods="0" coveredmethods="0"/>
        <line num="9" count="1" type="stmt"/>
      </file>
      <file name="tokens.js" path="/home/runner/work/spml/spml/src/lexer/tokens.js">
        <metrics statements="1" coveredstatements="1" conditionals="0" coveredconditionals="0" methods="0" coveredmethods="0"/>
        <line num="5" count="1" type="stmt"/>
      </file>
    </package>
  </project>
</coverage>
