{"/home/runner/work/spml/spml/src/errors/TrinaryError.js": {"path":"/home/runner/work/spml/spml/src/errors/TrinaryError.js","statementMap":{"0":{"start":{"line":25,"column":4},"end":{"line":25,"column":19}},"1":{"start":{"line":26,"column":4},"end":{"line":26,"column":31}},"2":{"start":{"line":27,"column":4},"end":{"line":27,"column":21}},"3":{"start":{"line":28,"column":4},"end":{"line":28,"column":19}},"4":{"start":{"line":29,"column":4},"end":{"line":29,"column":25}},"5":{"start":{"line":30,"column":4},"end":{"line":30,"column":21}},"6":{"start":{"line":45,"column":6},"end":{"line":47,"column":28}},"7":{"start":{"line":50,"column":6},"end":{"line":50,"column":64}},"8":{"start":{"line":52,"column":17},"end":{"line":52,"column":82}},"9":{"start":{"line":53,"column":4},"end":{"line":55,"column":5}},"10":{"start":{"line":54,"column":6},"end":{"line":54,"column":39}},"11":{"start":{"line":56,"column":4},"end":{"line":56,"column":18}}},"fnMap":{"0":{"name":"(anonymous_0)","decl":{"start":{"line":24,"column":2},"end":{"line":24,"column":3}},"loc":{"start":{"line":24,"column":89},"end":{"line":31,"column":3}},"line":24},"1":{"name":"(anonymous_1)","decl":{"start":{"line":43,"column":2},"end":{"line":43,"column":3}},"loc":{"start":{"line":43,"column":13},"end":{"line":57,"column":3}},"line":43}},"branchMap":{"0":{"loc":{"start":{"line":24,"column":23},"end":{"line":24,"column":87}},"type":"default-arg","locations":[{"start":{"line":24,"column":85},"end":{"line":24,"column":87}}],"line":24},"1":{"loc":{"start":{"line":24,"column":25},"end":{"line":24,"column":36}},"type":"default-arg","locations":[{"start":{"line":24,"column":32},"end":{"line":24,"column":36}}],"line":24},"2":{"loc":{"start":{"line":24,"column":38},"end":{"line":24,"column":48}},"type":"default-arg","locations":[{"start":{"line":24,"column":44},"end":{"line":24,"column":48}}],"line":24},"3":{"loc":{"start":{"line":24,"column":50},"end":{"line":24,"column":67}},"type":"default-arg","locations":[{"start":{"line":24,"column":59},"end":{"line":24,"column":67}}],"line":24},"4":{"loc":{"start":{"line":24,"column":69},"end":{"line":24,"column":80}},"type":"default-arg","locations":[{"start":{"line":24,"column":76},"end":{"line":24,"column":80}}],"line":24},"5":{"loc":{"start":{"line":45,"column":6},"end":{"line":47,"column":28}},"type":"cond-expr","locations":[{"start":{"line":46,"column":10},"end":{"line":46,"column":75}},{"start":{"line":47,"column":10},"end":{"line":47,"column":28}}],"line":45},"6":{"loc":{"start":{"line":46,"column":30},"end":{"line":46,"column":73}},"type":"cond-expr","locations":[{"start":{"line":46,"column":49},"end":{"line":46,"column":68}},{"start":{"line":46,"column":71},"end":{"line":46,"column":73}}],"line":46},"7":{"loc":{"start":{"line":53,"column":4},"end":{"line":55,"column":5}},"type":"if","locations":[{"start":{"line":53,"column":4},"end":{"line":55,"column":5}},{"start":{},"end":{}}],"line":53}},"s":{"0":4,"1":4,"2":4,"3":4,"4":4,"5":4,"6":0,"7":0,"8":0,"9":0,"10":0,"11":0},"f":{"0":4,"1":0},"b":{"0":[0],"1":[0],"2":[0],"3":[0],"4":[4],"5":[0,0],"6":[0,0],"7":[0,0]},"inputSourceMap":null,"_coverageSchema":"1a1c01bbd47fc00a2c39e90264f33305004495a9","hash":"e9c5adace82658997332b749f5b8fa575b259f90"}
,"/home/runner/work/spml/spml/src/lexer/keywords.js": {"path":"/home/runner/work/spml/spml/src/lexer/keywords.js","statementMap":{"0":{"start":{"line":6,"column":24},"end":{"line":61,"column":2}}},"fnMap":{},"branchMap":{},"s":{"0":1},"f":{},"b":{},"inputSourceMap":null,"_coverageSchema":"1a1c01bbd47fc00a2c39e90264f33305004495a9","hash":"eeeb22e224737857080f703ab15ca8cb4ea64163"}
,"/home/runner/work/spml/spml/src/lexer/lexer.js": {"path":"/home/runner/work/spml/spml/src/lexer/lexer.js","statementMap":{"0":{"start":{"line":21,"column":17},"end":{"line":21,"column":19}},"1":{"start":{"line":22,"column":16},"end":{"line":22,"column":34}},"2":{"start":{"line":23,"column":22},"end":{"line":23,"column":25}},"3":{"start":{"line":25,"column":2},"end":{"line":138,"column":3}},"4":{"start":{"line":25,"column":23},"end":{"line":25,"column":24}},"5":{"start":{"line":26,"column":23},"end":{"line":26,"column":36}},"6":{"start":{"line":27,"column":18},"end":{"line":27,"column":34}},"7":{"start":{"line":30,"column":4},"end":{"line":30,"column":32}},"8":{"start":{"line":33,"column":4},"end":{"line":33,"column":40}},"9":{"start":{"line":33,"column":31},"end":{"line":33,"column":40}},"10":{"start":{"line":36,"column":4},"end":{"line":36,"column":54}},"11":{"start":{"line":36,"column":45},"end":{"line":36,"column":54}},"12":{"start":{"line":41,"column":28},"end":{"line":41,"column":30}},"13":{"start":{"line":42,"column":4},"end":{"line":48,"column":5}},"14":{"start":{"line":42,"column":17},"end":{"line":42,"column":18}},"15":{"start":{"line":43,"column":6},"end":{"line":47,"column":7}},"16":{"start":{"line":44,"column":8},"end":{"line":44,"column":40}},"17":{"start":{"line":46,"column":8},"end":{"line":46,"column":14}},"18":{"start":{"line":52,"column":4},"end":{"line":64,"column":5}},"19":{"start":{"line":53,"column":6},"end":{"line":55,"column":8}},"20":{"start":{"line":57,"column":25},"end":{"line":57,"column":63}},"21":{"start":{"line":58,"column":6},"end":{"line":58,"column":54}},"22":{"start":{"line":59,"column":11},"end":{"line":64,"column":5}},"23":{"start":{"line":61,"column":6},"end":{"line":61,"column":45}},"24":{"start":{"line":63,"column":6},"end":{"line":63,"column":61}},"25":{"start":{"line":66,"column":26},"end":{"line":66,"column":61}},"26":{"start":{"line":68,"column":4},"end":{"line":76,"column":5}},"27":{"start":{"line":69,"column":6},"end":{"line":69,"column":36}},"28":{"start":{"line":70,"column":6},"end":{"line":70,"column":85}},"29":{"start":{"line":72,"column":6},"end":{"line":75,"column":7}},"30":{"start":{"line":73,"column":8},"end":{"line":73,"column":26}},"31":{"start":{"line":74,"column":8},"end":{"line":74,"column":87}},"32":{"start":{"line":80,"column":20},"end":{"line":80,"column":39}},"33":{"start":{"line":81,"column":14},"end":{"line":81,"column":42}},"34":{"start":{"line":83,"column":4},"end":{"line":134,"column":5}},"35":{"start":{"line":85,"column":22},"end":{"line":85,"column":48}},"36":{"start":{"line":86,"column":6},"end":{"line":90,"column":7}},"37":{"start":{"line":87,"column":8},"end":{"line":87,"column":33}},"38":{"start":{"line":88,"column":8},"end":{"line":88,"column":55}},"39":{"start":{"line":89,"column":8},"end":{"line":89,"column":17}},"40":{"start":{"line":93,"column":6},"end":{"line":93,"column":43}},"41":{"start":{"line":93,"column":37},"end":{"line":93,"column":43}},"42":{"start":{"line":95,"column":20},"end":{"line":95,"column":25}},"43":{"start":{"line":97,"column":6},"end":{"line":126,"column":7}},"44":{"start":{"line":99,"column":8},"end":{"line":99,"column":51}},"45":{"start":{"line":99,"column":42},"end":{"line":99,"column":51}},"46":{"start":{"line":101,"column":22},"end":{"line":101,"column":46}},"47":{"start":{"line":102,"column":8},"end":{"line":125,"column":9}},"48":{"start":{"line":103,"column":22},"end":{"line":103,"column":30}},"49":{"start":{"line":104,"column":22},"end":{"line":104,"column":25}},"50":{"start":{"line":105,"column":26},"end":{"line":105,"column":30}},"51":{"start":{"line":107,"column":10},"end":{"line":118,"column":11}},"52":{"start":{"line":109,"column":12},"end":{"line":109,"column":37}},"53":{"start":{"line":110,"column":17},"end":{"line":118,"column":11}},"54":{"start":{"line":112,"column":12},"end":{"line":114,"column":13}},"55":{"start":{"line":113,"column":14},"end":{"line":113,"column":46}},"56":{"start":{"line":115,"column":17},"end":{"line":118,"column":11}},"57":{"start":{"line":117,"column":12},"end":{"line":117,"column":18}},"58":{"start":{"line":120,"column":10},"end":{"line":120,"column":73}},"59":{"start":{"line":121,"column":10},"end":{"line":121,"column":28}},"60":{"start":{"line":122,"column":10},"end":{"line":122,"column":50}},"61":{"start":{"line":123,"column":10},"end":{"line":123,"column":25}},"62":{"start":{"line":124,"column":10},"end":{"line":124,"column":16}},"63":{"start":{"line":128,"column":6},"end":{"line":133,"column":7}},"64":{"start":{"line":129,"column":8},"end":{"line":132,"column":10}},"65":{"start":{"line":137,"column":4},"end":{"line":137,"column":83}},"66":{"start":{"line":141,"column":2},"end":{"line":144,"column":3}},"67":{"start":{"line":142,"column":4},"end":{"line":142,"column":22}},"68":{"start":{"line":143,"column":4},"end":{"line":143,"column":85}},"69":{"start":{"line":146,"column":2},"end":{"line":146,"column":80}},"70":{"start":{"line":148,"column":2},"end":{"line":148,"column":16}},"71":{"start":{"line":158,"column":17},"end":{"line":158,"column":49}},"72":{"start":{"line":159,"column":2},"end":{"line":159,"column":26}}},"fnMap":{"0":{"name":"tokenize","decl":{"start":{"line":20,"column":16},"end":{"line":20,"column":24}},"loc":{"start":{"line":20,"column":33},"end":{"line":149,"column":1}},"line":20},"1":{"name":"tokenizeFile","decl":{"start":{"line":157,"column":22},"end":{"line":157,"column":34}},"loc":{"start":{"line":157,"column":45},"end":{"line":160,"column":1}},"line":157}},"branchMap":{"0":{"loc":{"start":{"line":33,"column":4},"end":{"line":33,"column":40}},"type":"if","locations":[{"start":{"line":33,"column":4},"end":{"line":33,"column":40}},{"start":{},"end":{}}],"line":33},"1":{"loc":{"start":{"line":36,"column":4},"end":{"line":36,"column":54}},"type":"if","locations":[{"start":{"line":36,"column":4},"end":{"line":36,"column":54}},{"start":{},"end":{}}],"line":36},"2":{"loc":{"start":{"line":43,"column":6},"end":{"line":47,"column":7}},"type":"if","locations":[{"start":{"line":43,"column":6},"end":{"line":47,"column":7}},{"start":{"line":45,"column":13},"end":{"line":47,"column":7}}],"line":43},"3":{"loc":{"start":{"line":43,"column":10},"end":{"line":43,"column":51}},"type":"binary-expr","locations":[{"start":{"line":43,"column":10},"end":{"line":43,"column":28}},{"start":{"line":43,"column":32},"end":{"line":43,"column":51}}],"line":43},"4":{"loc":{"start":{"line":52,"column":4},"end":{"line":64,"column":5}},"type":"if","locations":[{"start":{"line":52,"column":4},"end":{"line":64,"column":5}},{"start":{"line":59,"column":11},"end":{"line":64,"column":5}}],"line":52},"5":{"loc":{"start":{"line":52,"column":8},"end":{"line":52,"column":75}},"type":"binary-expr","locations":[{"start":{"line":52,"column":8},"end":{"line":52,"column":40}},{"start":{"line":52,"column":44},"end":{"line":52,"column":75}}],"line":52},"6":{"loc":{"start":{"line":59,"column":11},"end":{"line":64,"column":5}},"type":"if","locations":[{"start":{"line":59,"column":11},"end":{"line":64,"column":5}},{"start":{"line":62,"column":11},"end":{"line":64,"column":5}}],"line":59},"7":{"loc":{"start":{"line":68,"column":4},"end":{"line":76,"column":5}},"type":"if","locations":[{"start":{"line":68,"column":4},"end":{"line":76,"column":5}},{"start":{"line":71,"column":11},"end":{"line":76,"column":5}}],"line":68},"8":{"loc":{"start":{"line":86,"column":6},"end":{"line":90,"column":7}},"type":"if","locations":[{"start":{"line":86,"column":6},"end":{"line":90,"column":7}},{"start":{},"end":{}}],"line":86},"9":{"loc":{"start":{"line":93,"column":6},"end":{"line":93,"column":43}},"type":"if","locations":[{"start":{"line":93,"column":6},"end":{"line":93,"column":43}},{"start":{},"end":{}}],"line":93},"10":{"loc":{"start":{"line":99,"column":8},"end":{"line":99,"column":51}},"type":"if","locations":[{"start":{"line":99,"column":8},"end":{"line":99,"column":51}},{"start":{},"end":{}}],"line":99},"11":{"loc":{"start":{"line":102,"column":8},"end":{"line":125,"column":9}},"type":"if","locations":[{"start":{"line":102,"column":8},"end":{"line":125,"column":9}},{"start":{},"end":{}}],"line":102},"12":{"loc":{"start":{"line":107,"column":10},"end":{"line":118,"column":11}},"type":"if","locations":[{"start":{"line":107,"column":10},"end":{"line":118,"column":11}},{"start":{"line":110,"column":17},"end":{"line":118,"column":11}}],"line":107},"13":{"loc":{"start":{"line":110,"column":17},"end":{"line":118,"column":11}},"type":"if","locations":[{"start":{"line":110,"column":17},"end":{"line":118,"column":11}},{"start":{"line":115,"column":17},"end":{"line":118,"column":11}}],"line":110},"14":{"loc":{"start":{"line":112,"column":12},"end":{"line":114,"column":13}},"type":"if","locations":[{"start":{"line":112,"column":12},"end":{"line":114,"column":13}},{"start":{},"end":{}}],"line":112},"15":{"loc":{"start":{"line":115,"column":17},"end":{"line":118,"column":11}},"type":"if","locations":[{"start":{"line":115,"column":17},"end":{"line":118,"column":11}},{"start":{},"end":{}}],"line":115},"16":{"loc":{"start":{"line":128,"column":6},"end":{"line":133,"column":7}},"type":"if","locations":[{"start":{"line":128,"column":6},"end":{"line":133,"column":7}},{"start":{},"end":{}}],"line":128}},"s":{"0":29,"1":29,"2":29,"3":29,"4":29,"5":70,"6":70,"7":70,"8":70,"9":0,"10":70,"11":2,"12":68,"13":68,"14":68,"15":164,"16":96,"17":68,"18":68,"19":0,"20":0,"21":0,"22":68,"23":0,"24":68,"25":68,"26":68,"27":17,"28":17,"29":51,"30":2,"31":2,"32":68,"33":68,"34":68,"35":187,"36":187,"37":55,"38":55,"39":55,"40":132,"41":1,"42":131,"43":131,"44":512,"45":4,"46":508,"47":508,"48":127,"49":127,"50":127,"51":127,"52":8,"53":119,"54":97,"55":81,"56":22,"57":0,"58":127,"59":127,"60":127,"61":127,"62":127,"63":131,"64":4,"65":64,"66":25,"67":15,"68":15,"69":25,"70":25,"71":0,"72":0},"f":{"0":29,"1":0},"b":{"0":[0,70],"1":[2,68],"2":[96,68],"3":[164,68],"4":[0,68],"5":[68,0],"6":[0,68],"7":[17,51],"8":[55,132],"9":[1,131],"10":[4,508],"11":[127,381],"12":[8,119],"13":[97,22],"14":[81,16],"15":[0,22],"16":[4,127]},"inputSourceMap":null,"_coverageSchema":"1a1c01bbd47fc00a2c39e90264f33305004495a9","hash":"e5ba17d3a001f465519932cb91889168526706b4"}
,"/home/runner/work/spml/spml/src/lexer/patterns.js": {"path":"/home/runner/work/spml/spml/src/lexer/patterns.js","statementMap":{"0":{"start":{"line":9,"column":30},"end":{"line":29,"column":2}}},"fnMap":{},"branchMap":{},"s":{"0":1},"f":{},"b":{},"inputSourceMap":null,"_coverageSchema":"1a1c01bbd47fc00a2c39e90264f33305004495a9","hash":"d8bdfcf230ced8adef20cfc12197725a4e1e13e9"}
,"/home/runner/work/spml/spml/src/lexer/tokens.js": {"path":"/home/runner/work/spml/spml/src/lexer/tokens.js","statementMap":{"0":{"start":{"line":5,"column":27},"end":{"line":16,"column":2}}},"fnMap":{},"branchMap":{},"s":{"0":1},"f":{},"b":{},"inputSourceMap":null,"_coverageSchema":"1a1c01bbd47fc00a2c39e90264f33305004495a9","hash":"ef8b5129dd63ddd86595466a36315aee2f6fcc39"}
}
