{"total": {"lines":{"total":1510,"covered":1016,"skipped":0,"pct":67.28},"statements":{"total":1602,"covered":1071,"skipped":0,"pct":66.85},"functions":{"total":226,"covered":176,"skipped":0,"pct":77.87},"branches":{"total":992,"covered":534,"skipped":0,"pct":53.83},"branchesTrue":{"total":0,"covered":0,"skipped":0,"pct":100}}
,"/home/runner/work/spml/spml/src/cli/config.js": {"lines":{"total":16,"covered":0,"skipped":0,"pct":0},"functions":{"total":1,"covered":0,"skipped":0,"pct":0},"statements":{"total":16,"covered":0,"skipped":0,"pct":0},"branches":{"total":11,"covered":0,"skipped":0,"pct":0}}
,"/home/runner/work/spml/spml/src/cli/index.js": {"lines":{"total":233,"covered":76,"skipped":0,"pct":32.61},"functions":{"total":22,"covered":8,"skipped":0,"pct":36.36},"statements":{"total":249,"covered":84,"skipped":0,"pct":33.73},"branches":{"total":160,"covered":51,"skipped":0,"pct":31.87}}
,"/home/runner/work/spml/spml/src/cli/new.js": {"lines":{"total":57,"covered":52,"skipped":0,"pct":91.22},"functions":{"total":7,"covered":6,"skipped":0,"pct":85.71},"statements":{"total":57,"covered":52,"skipped":0,"pct":91.22},"branches":{"total":20,"covered":15,"skipped":0,"pct":75}}
,"/home/runner/work/spml/spml/src/codegen/auth.js": {"lines":{"total":85,"covered":57,"skipped":0,"pct":67.05},"functions":{"total":16,"covered":12,"skipped":0,"pct":75},"statements":{"total":90,"covered":58,"skipped":0,"pct":64.44},"branches":{"total":65,"covered":26,"skipped":0,"pct":40}}
,"/home/runner/work/spml/spml/src/codegen/authMiddleware.js": {"lines":{"total":6,"covered":6,"skipped":0,"pct":100},"functions":{"total":3,"covered":3,"skipped":0,"pct":100},"statements":{"total":6,"covered":6,"skipped":0,"pct":100},"branches":{"total":2,"covered":2,"skipped":0,"pct":100}}
,"/home/runner/work/spml/spml/src/codegen/crud.js": {"lines":{"total":118,"covered":101,"skipped":0,"pct":85.59},"functions":{"total":18,"covered":18,"skipped":0,"pct":100},"statements":{"total":126,"covered":106,"skipped":0,"pct":84.12},"branches":{"total":111,"covered":68,"skipped":0,"pct":61.26}}
,"/home/runner/work/spml/spml/src/codegen/database.js": {"lines":{"total":2,"covered":2,"skipped":0,"pct":100},"functions":{"total":1,"covered":1,"skipped":0,"pct":100},"statements":{"total":2,"covered":2,"skipped":0,"pct":100},"branches":{"total":2,"covered":2,"skipped":0,"pct":100}}
,"/home/runner/work/spml/spml/src/codegen/escape.js": {"lines":{"total":3,"covered":3,"skipped":0,"pct":100},"functions":{"total":1,"covered":1,"skipped":0,"pct":100},"statements":{"total":3,"covered":3,"skipped":0,"pct":100},"branches":{"total":2,"covered":1,"skipped":0,"pct":50}}
,"/home/runner/work/spml/spml/src/codegen/imports.js": {"lines":{"total":8,"covered":8,"skipped":0,"pct":100},"functions":{"total":3,"covered":3,"skipped":0,"pct":100},"statements":{"total":8,"covered":8,"skipped":0,"pct":100},"branches":{"total":2,"covered":2,"skipped":0,"pct":100}}
,"/home/runner/work/spml/spml/src/codegen/jobs.js": {"lines":{"total":5,"covered":5,"skipped":0,"pct":100},"functions":{"total":3,"covered":3,"skipped":0,"pct":100},"statements":{"total":6,"covered":6,"skipped":0,"pct":100},"branches":{"total":5,"covered":5,"skipped":0,"pct":100}}
,"/home/runner/work/spml/spml/src/codegen/middleware.js": {"lines":{"total":25,"covered":24,"skipped":0,"pct":96},"functions":{"total":4,"covered":4,"skipped":0,"pct":100},"statements":{"total":25,"covered":24,"skipped":0,"pct":96},"branches":{"total":12,"covered":11,"skipped":0,"pct":91.66}}
,"/home/runner/work/spml/spml/src/codegen/models.js": {"lines":{"total":67,"covered":50,"skipped":0,"pct":74.62},"functions":{"total":7,"covered":7,"skipped":0,"pct":100},"statements":{"total":78,"covered":58,"skipped":0,"pct":74.35},"branches":{"total":67,"covered":35,"skipped":0,"pct":52.23}}
,"/home/runner/work/spml/spml/src/codegen/server.js": {"lines":{"total":4,"covered":4,"skipped":0,"pct":100},"functions":{"total":3,"covered":3,"skipped":0,"pct":100},"statements":{"total":5,"covered":5,"skipped":0,"pct":100},"branches":{"total":2,"covered":2,"skipped":0,"pct":100}}
,"/home/runner/work/spml/spml/src/codegen/socket.js": {"lines":{"total":12,"covered":12,"skipped":0,"pct":100},"functions":{"total":4,"covered":4,"skipped":0,"pct":100},"statements":{"total":12,"covered":12,"skipped":0,"pct":100},"branches":{"total":6,"covered":4,"skipped":0,"pct":66.66}}
,"/home/runner/work/spml/spml/src/codegen/stream.js": {"lines":{"total":1,"covered":1,"skipped":0,"pct":100},"functions":{"total":1,"covered":1,"skipped":0,"pct":100},"statements":{"total":1,"covered":1,"skipped":0,"pct":100},"branches":{"total":0,"covered":0,"skipped":0,"pct":100}}
,"/home/runner/work/spml/spml/src/codegen/tests.js": {"lines":{"total":36,"covered":35,"skipped":0,"pct":97.22},"functions":{"total":7,"covered":7,"skipped":0,"pct":100},"statements":{"total":36,"covered":35,"skipped":0,"pct":97.22},"branches":{"total":18,"covered":16,"skipped":0,"pct":88.88}}
,"/home/runner/work/spml/spml/src/codegen/validate.js": {"lines":{"total":40,"covered":40,"skipped":0,"pct":100},"functions":{"total":12,"covered":11,"skipped":0,"pct":91.66},"statements":{"total":50,"covered":47,"skipped":0,"pct":94},"branches":{"total":30,"covered":28,"skipped":0,"pct":93.33}}
,"/home/runner/work/spml/spml/src/codegen/backends/mongoose.js": {"lines":{"total":0,"covered":0,"skipped":0,"pct":0},"functions":{"total":0,"covered":0,"skipped":0,"pct":0},"statements":{"total":0,"covered":0,"skipped":0,"pct":0},"branches":{"total":0,"covered":0,"skipped":0,"pct":0}}
,"/home/runner/work/spml/spml/src/codegen/backends/prisma.js": {"lines":{"total":165,"covered":99,"skipped":0,"pct":60},"functions":{"total":16,"covered":14,"skipped":0,"pct":87.5},"statements":{"total":180,"covered":104,"skipped":0,"pct":57.77},"branches":{"total":155,"covered":56,"skipped":0,"pct":36.12}}
,"/home/runner/work/spml/spml/src/codegen/backends/sqlite.js": {"lines":{"total":2,"covered":2,"skipped":0,"pct":100},"functions":{"total":1,"covered":1,"skipped":0,"pct":100},"statements":{"total":2,"covered":2,"skipped":0,"pct":100},"branches":{"total":0,"covered":0,"skipped":0,"pct":100}}
,"/home/runner/work/spml/spml/src/compiler/resolve.js": {"lines":{"total":22,"covered":22,"skipped":0,"pct":100},"functions":{"total":2,"covered":2,"skipped":0,"pct":100},"statements":{"total":22,"covered":22,"skipped":0,"pct":100},"branches":{"total":9,"covered":9,"skipped":0,"pct":100}}
,"/home/runner/work/spml/spml/src/errors/TrinaryError.js": {"lines":{"total":12,"covered":6,"skipped":0,"pct":50},"functions":{"total":2,"covered":1,"skipped":0,"pct":50},"statements":{"total":12,"covered":6,"skipped":0,"pct":50},"branches":{"total":11,"covered":3,"skipped":0,"pct":27.27}}
,"/home/runner/work/spml/spml/src/errors/messages.js": {"lines":{"total":3,"covered":3,"skipped":0,"pct":100},"functions":{"total":2,"covered":2,"skipped":0,"pct":100},"statements":{"total":3,"covered":3,"skipped":0,"pct":100},"branches":{"total":3,"covered":1,"skipped":0,"pct":33.33}}
,"/home/runner/work/spml/spml/src/errors/suggestions.js": {"lines":{"total":21,"covered":19,"skipped":0,"pct":90.47},"functions":{"total":3,"covered":3,"skipped":0,"pct":100},"statements":{"total":26,"covered":22,"skipped":0,"pct":84.61},"branches":{"total":11,"covered":7,"skipped":0,"pct":63.63}}
,"/home/runner/work/spml/spml/src/lexer/keywords.js": {"lines":{"total":1,"covered":1,"skipped":0,"pct":100},"functions":{"total":0,"covered":0,"skipped":0,"pct":100},"statements":{"total":1,"covered":1,"skipped":0,"pct":100},"branches":{"total":0,"covered":0,"skipped":0,"pct":100}}
,"/home/runner/work/spml/spml/src/lexer/lexer.js": {"lines":{"total":69,"covered":62,"skipped":0,"pct":89.85},"functions":{"total":2,"covered":1,"skipped":0,"pct":50},"statements":{"total":75,"covered":68,"skipped":0,"pct":90.66},"branches":{"total":36,"covered":32,"skipped":0,"pct":88.88}}
,"/home/runner/work/spml/spml/src/lexer/patterns.js": {"lines":{"total":1,"covered":1,"skipped":0,"pct":100},"functions":{"total":0,"covered":0,"skipped":0,"pct":100},"statements":{"total":1,"covered":1,"skipped":0,"pct":100},"branches":{"total":0,"covered":0,"skipped":0,"pct":100}}
,"/home/runner/work/spml/spml/src/lexer/tokens.js": {"lines":{"total":1,"covered":1,"skipped":0,"pct":100},"functions":{"total":0,"covered":0,"skipped":0,"pct":100},"statements":{"total":1,"covered":1,"skipped":0,"pct":100},"branches":{"total":0,"covered":0,"skipped":0,"pct":100}}
,"/home/runner/work/spml/spml/src/parser/ast.js": {"lines":{"total":31,"covered":19,"skipped":0,"pct":61.29},"functions":{"total":31,"covered":19,"skipped":0,"pct":61.29},"statements":{"total":31,"covered":19,"skipped":0,"pct":61.29},"branches":{"total":5,"covered":2,"skipped":0,"pct":40}}
,"/home/runner/work/spml/spml/src/parser/parser.js": {"lines":{"total":440,"covered":281,"skipped":0,"pct":63.86},"functions":{"total":49,"covered":36,"skipped":0,"pct":73.46},"statements":{"total":454,"covered":291,"skipped":0,"pct":64.09},"branches":{"total":231,"covered":140,"skipped":0,"pct":60.6}}
,"/home/runner/work/spml/spml/src/plugin/index.js": {"lines":{"total":24,"covered":24,"skipped":0,"pct":100},"functions":{"total":5,"covered":5,"skipped":0,"pct":100},"statements":{"total":24,"covered":24,"skipped":0,"pct":100},"branches":{"total":16,"covered":16,"skipped":0,"pct":100}}
}
