TN:
SF:src/errors/TrinaryError.js
FN:24,(anonymous_0)
FN:43,(anonymous_1)
FNF:2
FNH:1
FNDA:4,(anonymous_0)
FNDA:0,(anonymous_1)
DA:25,4
DA:26,4
DA:27,4
DA:28,4
DA:29,4
DA:30,4
DA:45,0
DA:50,0
DA:52,0
DA:53,0
DA:54,0
DA:56,0
LF:12
LH:6
BRDA:24,0,0,0
BRDA:24,1,0,0
BRDA:24,2,0,0
BRDA:24,3,0,0
BRDA:24,4,0,4
BRDA:45,5,0,0
BRDA:45,5,1,0
BRDA:46,6,0,0
BRDA:46,6,1,0
BRDA:53,7,0,0
BRDA:53,7,1,0
BRF:11
BRH:1
end_of_record
TN:
SF:src/lexer/keywords.js
FNF:0
FNH:0
DA:6,1
LF:1
LH:1
BRF:0
BRH:0
end_of_record
TN:
SF:src/lexer/lexer.js
FN:20,tokenize
FN:157,tokenizeFile
FNF:2
FNH:1
FNDA:29,tokenize
FNDA:0,tokenizeFile
DA:21,29
DA:22,29
DA:23,29
DA:25,29
DA:26,70
DA:27,70
DA:30,70
DA:33,70
DA:36,70
DA:41,68
DA:42,68
DA:43,164
DA:44,96
DA:46,68
DA:52,68
DA:53,0
DA:57,0
DA:58,0
DA:59,68
DA:61,0
DA:63,68
DA:66,68
DA:68,68
DA:69,17
DA:70,17
DA:72,51
DA:73,2
DA:74,2
DA:80,68
DA:81,68
DA:83,68
DA:85,187
DA:86,187
DA:87,55
DA:88,55
DA:89,55
DA:93,132
DA:95,131
DA:97,131
DA:99,512
DA:101,508
DA:102,508
DA:103,127
DA:104,127
DA:105,127
DA:107,127
DA:109,8
DA:110,119
DA:112,97
DA:113,81
DA:115,22
DA:117,0
DA:120,127
DA:121,127
DA:122,127
DA:123,127
DA:124,127
DA:128,131
DA:129,4
DA:137,64
DA:141,25
DA:142,15
DA:143,15
DA:146,25
DA:148,25
DA:158,0
DA:159,0
LF:67
LH:60
BRDA:33,0,0,0
BRDA:33,0,1,70
BRDA:36,1,0,2
BRDA:36,1,1,68
BRDA:43,2,0,96
BRDA:43,2,1,68
BRDA:43,3,0,164
BRDA:43,3,1,68
BRDA:52,4,0,0
BRDA:52,4,1,68
BRDA:52,5,0,68
BRDA:52,5,1,0
BRDA:59,6,0,0
BRDA:59,6,1,68
BRDA:68,7,0,17
BRDA:68,7,1,51
BRDA:86,8,0,55
BRDA:86,8,1,132
BRDA:93,9,0,1
BRDA:93,9,1,131
BRDA:99,10,0,4
BRDA:99,10,1,508
BRDA:102,11,0,127
BRDA:102,11,1,381
BRDA:107,12,0,8
BRDA:107,12,1,119
BRDA:110,13,0,97
BRDA:110,13,1,22
BRDA:112,14,0,81
BRDA:112,14,1,16
BRDA:115,15,0,0
BRDA:115,15,1,22
BRDA:128,16,0,4
BRDA:128,16,1,127
BRF:34
BRH:29
end_of_record
TN:
SF:src/lexer/patterns.js
FNF:0
FNH:0
DA:9,1
LF:1
LH:1
BRF:0
BRH:0
end_of_record
TN:
SF:src/lexer/tokens.js
FNF:0
FNH:0
DA:5,1
LF:1
LH:1
BRF:0
BRH:0
end_of_record
