TN:
SF:src/cli/config.js
FN:26,loadConfig
FNF:1
FNH:0
FNDA:0,loadConfig
DA:27,0
DA:29,0
DA:30,0
DA:33,0
DA:35,0
DA:36,0
DA:37,0
DA:39,0
DA:42,0
DA:44,0
DA:47,0
DA:48,0
DA:49,0
DA:53,0
DA:57,0
DA:59,0
LF:16
LH:0
BRDA:26,0,0,0
BRDA:29,1,0,0
BRDA:29,1,1,0
BRDA:37,2,0,0
BRDA:37,2,1,0
BRDA:42,3,0,0
BRDA:42,3,1,0
BRDA:42,4,0,0
BRDA:42,4,1,0
BRDA:48,5,0,0
BRDA:48,5,1,0
BRF:11
BRH:0
end_of_record
TN:
SF:src/cli/index.js
FN:50,isAuthRoute
FN:52,(anonymous_1)
FN:67,requiresAuthMiddleware
FN:68,(anonymous_3)
FN:78,inferModelName
FN:102,compileAst
FN:128,(anonymous_6)
FN:263,compile
FN:277,cmdInit
FN:309,resolveTriFile
FN:321,outputPath
FN:337,cmdBuild
FN:388,(anonymous_12)
FN:416,startServer
FN:421,(anonymous_14)
FN:436,cmdDev
FN:456,(anonymous_16)
FN:479,cmdTest
FN:489,(anonymous_18)
FN:510,(anonymous_19)
FN:524,handleError
FN:538,main
FNF:22
FNH:8
FNDA:4,isAuthRoute
FNDA:4,(anonymous_1)
FNDA:4,requiresAuthMiddleware
FNDA:4,(anonymous_3)
FNDA:4,inferModelName
FNDA:16,compileAst
FNDA:34,(anonymous_6)
FNDA:16,compile
FNDA:0,cmdInit
FNDA:0,resolveTriFile
FNDA:0,outputPath
FNDA:0,cmdBuild
FNDA:0,(anonymous_12)
FNDA:0,startServer
FNDA:0,(anonymous_14)
FNDA:0,cmdDev
FNDA:0,(anonymous_16)
FNDA:0,cmdTest
FNDA:0,(anonymous_18)
FNDA:0,(anonymous_19)
FNDA:0,handleError
FNDA:0,main
DA:51,4
DA:53,4
DA:68,4
DA:79,4
DA:80,4
DA:82,4
DA:83,4
DA:84,4
DA:86,4
DA:103,16
DA:104,16
DA:107,16
DA:109,16
DA:110,0
DA:111,16
DA:112,0
DA:114,16
DA:117,16
DA:118,16
DA:119,16
DA:120,16
DA:121,16
DA:122,16
DA:123,16
DA:124,16
DA:128,34
DA:130,16
DA:131,34
DA:133,16
DA:134,16
DA:135,16
DA:138,16
DA:139,16
DA:140,4
DA:141,4
DA:142,4
DA:143,4
DA:144,4
DA:148,12
DA:152,16
DA:156,0
DA:157,0
DA:159,0
DA:160,0
DA:164,0
DA:165,0
DA:169,0
DA:170,0
DA:174,4
DA:175,4
DA:178,4
DA:179,0
DA:181,4
DA:182,4
DA:185,4
DA:188,4
DA:192,4
DA:193,4
DA:197,8
DA:198,8
DA:199,8
DA:204,2
DA:205,2
DA:206,0
DA:208,2
DA:214,16
DA:215,4
DA:219,16
DA:221,16
DA:222,16
DA:225,16
DA:226,0
DA:229,16
DA:232,16
DA:234,16
DA:235,16
DA:238,16
DA:239,16
DA:240,16
DA:243,16
DA:245,16
DA:247,16
DA:249,16
DA:251,16
DA:253,16
DA:264,16
DA:265,16
DA:266,16
DA:278,0
DA:290,0
DA:292,0
DA:293,0
DA:294,0
DA:297,0
DA:298,0
DA:300,0
DA:310,0
DA:311,0
DA:312,0
DA:322,0
DA:323,0
DA:338,0
DA:340,0
DA:341,0
DA:344,0
DA:347,0
DA:348,0
DA:349,0
DA:351,0
DA:352,0
DA:355,0
DA:358,0
DA:359,0
DA:360,0
DA:361,0
DA:362,0
DA:366,0
DA:367,0
DA:368,0
DA:369,0
DA:371,0
DA:372,0
DA:376,0
DA:377,0
DA:380,0
DA:381,0
DA:382,0
DA:383,0
DA:387,0
DA:388,0
DA:389,0
DA:390,0
DA:392,0
DA:393,0
DA:394,0
DA:395,0
DA:397,0
DA:398,0
DA:399,0
DA:401,0
DA:402,0
DA:403,0
DA:407,0
DA:417,0
DA:421,0
DA:422,0
DA:424,0
DA:437,0
DA:440,0
DA:443,0
DA:444,0
DA:446,0
DA:447,0
DA:450,0
DA:452,0
DA:454,0
DA:456,0
DA:457,0
DA:459,0
DA:460,0
DA:463,0
DA:464,0
DA:465,0
DA:467,0
DA:480,0
DA:482,0
DA:483,0
DA:486,0
DA:487,0
DA:489,0
DA:490,0
DA:491,0
DA:492,0
DA:495,0
DA:496,0
DA:497,0
DA:498,0
DA:499,0
DA:501,0
DA:502,0
DA:503,0
DA:504,0
DA:510,0
DA:511,0
DA:525,0
DA:526,0
DA:527,0
DA:528,0
DA:530,0
DA:539,0
DA:542,0
DA:543,0
DA:545,0
DA:546,0
DA:550,0
DA:551,0
DA:552,0
DA:553,0
DA:554,0
DA:555,0
DA:556,0
DA:557,0
DA:561,0
DA:562,0
DA:564,0
DA:565,0
DA:566,0
DA:570,0
DA:571,0
DA:574,0
DA:575,0
DA:576,0
DA:577,0
DA:579,0
DA:580,0
DA:584,0
DA:585,0
DA:586,0
DA:587,0
DA:589,0
DA:590,0
DA:594,0
DA:595,0
DA:596,0
DA:597,0
DA:599,0
DA:600,0
DA:604,0
DA:607,0
DA:610,0
DA:611,0
DA:616,3
DA:617,0
LF:233
LH:76
BRDA:53,0,0,4
BRDA:53,0,1,4
BRDA:53,0,2,4
BRDA:53,0,3,4
BRDA:53,0,4,4
BRDA:53,0,5,4
BRDA:53,0,6,4
BRDA:53,0,7,0
BRDA:53,0,8,0
BRDA:68,1,0,4
BRDA:68,1,1,0
BRDA:80,2,0,0
BRDA:80,2,1,4
BRDA:84,3,0,0
BRDA:84,3,1,4
BRDA:86,4,0,0
BRDA:86,4,1,4
BRDA:102,5,0,0
BRDA:107,6,0,16
BRDA:107,6,1,16
BRDA:107,6,2,0
BRDA:109,7,0,0
BRDA:109,7,1,16
BRDA:111,8,0,0
BRDA:111,8,1,16
BRDA:131,9,0,16
BRDA:131,9,1,0
BRDA:131,9,2,0
BRDA:131,9,3,0
BRDA:131,9,4,4
BRDA:131,9,5,4
BRDA:131,9,6,8
BRDA:131,9,7,2
BRDA:135,10,0,0
BRDA:135,10,1,16
BRDA:139,11,0,4
BRDA:139,11,1,12
BRDA:156,12,0,0
BRDA:156,12,1,0
BRDA:156,13,0,0
BRDA:156,13,1,0
BRDA:175,14,0,0
BRDA:175,14,1,4
BRDA:178,15,0,0
BRDA:178,15,1,4
BRDA:205,16,0,0
BRDA:205,16,1,2
BRDA:214,17,0,4
BRDA:214,17,1,12
BRDA:214,18,0,16
BRDA:214,18,1,12
BRDA:222,19,0,16
BRDA:222,19,1,0
BRDA:225,20,0,0
BRDA:225,20,1,16
BRDA:225,21,0,16
BRDA:225,21,1,16
BRDA:229,22,0,16
BRDA:229,22,1,0
BRDA:234,23,0,0
BRDA:234,23,1,16
BRDA:235,24,0,0
BRDA:235,24,1,16
BRDA:238,25,0,16
BRDA:238,25,1,0
BRDA:238,26,0,16
BRDA:238,26,1,16
BRDA:240,27,0,0
BRDA:240,27,1,16
BRDA:243,28,0,0
BRDA:243,28,1,16
BRDA:245,29,0,4
BRDA:245,29,1,12
BRDA:247,30,0,4
BRDA:247,30,1,12
BRDA:249,31,0,8
BRDA:249,31,1,8
BRDA:251,32,0,16
BRDA:251,32,1,0
BRDA:263,33,0,16
BRDA:292,34,0,0
BRDA:292,34,1,0
BRDA:311,35,0,0
BRDA:311,35,1,0
BRDA:337,36,0,0
BRDA:340,37,0,0
BRDA:340,37,1,0
BRDA:355,38,0,0
BRDA:355,38,1,0
BRDA:355,38,2,0
BRDA:358,39,0,0
BRDA:358,39,1,0
BRDA:358,40,0,0
BRDA:358,40,1,0
BRDA:360,41,0,0
BRDA:360,41,1,0
BRDA:368,42,0,0
BRDA:368,42,1,0
BRDA:368,43,0,0
BRDA:368,43,1,0
BRDA:371,44,0,0
BRDA:371,44,1,0
BRDA:371,45,0,0
BRDA:371,45,1,0
BRDA:376,46,0,0
BRDA:376,46,1,0
BRDA:376,47,0,0
BRDA:376,47,1,0
BRDA:380,48,0,0
BRDA:380,48,1,0
BRDA:389,49,0,0
BRDA:389,49,1,0
BRDA:389,50,0,0
BRDA:389,50,1,0
BRDA:392,51,0,0
BRDA:392,51,1,0
BRDA:394,52,0,0
BRDA:394,52,1,0
BRDA:436,53,0,0
BRDA:459,54,0,0
BRDA:459,54,1,0
BRDA:459,55,0,0
BRDA:459,55,1,0
BRDA:482,56,0,0
BRDA:482,56,1,0
BRDA:490,57,0,0
BRDA:490,57,1,0
BRDA:501,58,0,0
BRDA:501,58,1,0
BRDA:503,59,0,0
BRDA:503,59,1,0
BRDA:511,60,0,0
BRDA:511,60,1,0
BRDA:525,61,0,0
BRDA:525,61,1,0
BRDA:527,62,0,0
BRDA:527,62,1,0
BRDA:552,63,0,0
BRDA:552,63,1,0
BRDA:552,64,0,0
BRDA:552,64,1,0
BRDA:555,65,0,0
BRDA:555,65,1,0
BRDA:555,66,0,0
BRDA:555,66,1,0
BRDA:555,66,2,0
BRDA:562,67,0,0
BRDA:562,67,1,0
BRDA:562,67,2,0
BRDA:562,67,3,0
BRDA:562,67,4,0
BRDA:562,67,5,0
BRDA:575,68,0,0
BRDA:575,68,1,0
BRDA:585,69,0,0
BRDA:585,69,1,0
BRDA:595,70,0,0
BRDA:595,70,1,0
BRDA:616,71,0,0
BRDA:616,71,1,3
BRF:160
BRH:51
end_of_record
TN:
SF:src/cli/new.js
FN:26,templateName
FN:38,substituteProjectName
FN:48,npmInstall
FN:49,(anonymous_3)
FN:56,(anonymous_4)
FN:72,cmdNew
FN:79,(anonymous_6)
FNF:7
FNH:6
FNDA:6,templateName
FNDA:12,substituteProjectName
FNDA:6,npmInstall
FNDA:6,(anonymous_3)
FNDA:6,(anonymous_4)
FNDA:7,cmdNew
FNDA:0,(anonymous_6)
DA:13,10
DA:16,10
DA:27,6
DA:28,6
DA:39,12
DA:49,6
DA:50,6
DA:55,6
DA:56,6
DA:57,6
DA:58,6
DA:60,0
DA:74,7
DA:75,7
DA:76,1
DA:79,0
DA:82,7
DA:84,7
DA:86,7
DA:87,1
DA:88,1
DA:92,6
DA:102,6
DA:108,6
DA:118,6
DA:119,6
DA:121,6
DA:122,0
DA:123,0
DA:126,6
DA:131,6
DA:132,6
DA:138,6
DA:140,6
DA:141,6
DA:143,6
DA:144,6
DA:147,6
DA:162,6
DA:164,6
DA:165,6
DA:166,6
DA:167,6
DA:170,6
DA:171,6
DA:172,6
DA:174,0
DA:181,6
DA:182,6
DA:183,6
DA:184,6
DA:185,6
DA:186,3
DA:187,3
DA:188,3
DA:189,2
DA:191,1
LF:57
LH:52
BRDA:27,0,0,3
BRDA:27,0,1,3
BRDA:51,1,0,0
BRDA:51,1,1,6
BRDA:57,2,0,6
BRDA:57,2,1,0
BRDA:75,3,0,1
BRDA:75,3,1,6
BRDA:79,4,0,0
BRDA:79,4,1,0
BRDA:86,5,0,1
BRDA:86,5,1,6
BRDA:121,6,0,0
BRDA:121,6,1,6
BRDA:185,7,0,3
BRDA:185,7,1,3
BRDA:185,8,0,6
BRDA:185,8,1,5
BRDA:188,9,0,2
BRDA:188,9,1,1
BRF:20
BRH:15
end_of_record
TN:
SF:src/codegen/auth.js
FN:18,generateTake
FN:31,generateRequire
FN:33,(anonymous_2)
FN:42,registerAuthImports
FN:57,generateHash
FN:73,generateExistsCheck
FN:90,generateIf
FN:123,generateCreate
FN:137,generateFind
FN:154,generateReturn
FN:187,generatePasswordMatches
FN:198,generateAuthStatements
FN:267,capitalise
FN:280,extractMessage
FN:297,extractStatus
FN:310,escapeQuotes
FNF:16
FNH:12
FNDA:0,generateTake
FNDA:0,generateRequire
FNDA:0,(anonymous_2)
FNDA:13,registerAuthImports
FNDA:2,generateHash
FNDA:2,generateExistsCheck
FNDA:3,generateIf
FNDA:2,generateCreate
FNDA:1,generateFind
FNDA:4,generateReturn
FNDA:1,generatePasswordMatches
FNDA:13,generateAuthStatements
FNDA:5,capitalise
FNDA:3,extractMessage
FNDA:0,extractStatus
FNDA:3,escapeQuotes
DA:19,0
DA:20,0
DA:32,0
DA:33,0
DA:34,0
DA:35,0
DA:43,13
DA:44,13
DA:45,13
DA:58,2
DA:59,2
DA:74,2
DA:75,2
DA:76,2
DA:91,3
DA:92,3
DA:94,3
DA:95,2
DA:96,2
DA:99,1
DA:100,0
DA:101,0
DA:102,0
DA:105,1
DA:106,1
DA:107,1
DA:111,0
DA:112,0
DA:124,2
DA:125,2
DA:126,2
DA:138,1
DA:139,1
DA:140,1
DA:141,1
DA:155,4
DA:157,4
DA:158,3
DA:165,1
DA:166,1
DA:169,0
DA:170,0
DA:174,0
DA:177,0
DA:188,1
DA:199,13
DA:201,13
DA:203,13
DA:204,17
DA:206,0
DA:207,0
DA:210,0
DA:211,0
DA:214,2
DA:215,2
DA:218,2
DA:219,2
DA:222,3
DA:223,3
DA:226,2
DA:227,2
DA:230,1
DA:231,1
DA:234,4
DA:235,4
DA:238,1
DA:239,1
DA:241,0
DA:243,1
DA:246,2
DA:247,2
DA:251,0
DA:255,13
DA:268,5
DA:269,5
DA:281,3
DA:282,3
DA:283,0
DA:284,0
DA:286,0
DA:287,0
DA:298,0
DA:299,0
DA:300,0
DA:311,3
LF:85
LH:57
BRDA:19,0,0,0
BRDA:19,0,1,0
BRDA:32,1,0,0
BRDA:32,1,1,0
BRDA:94,2,0,2
BRDA:94,2,1,1
BRDA:99,3,0,0
BRDA:99,3,1,1
BRDA:99,4,0,1
BRDA:99,4,1,1
BRDA:105,5,0,1
BRDA:105,5,1,0
BRDA:105,6,0,1
BRDA:105,6,1,1
BRDA:111,7,0,0
BRDA:111,7,1,0
BRDA:140,8,0,1
BRDA:140,8,1,0
BRDA:155,9,0,4
BRDA:155,9,1,0
BRDA:157,10,0,3
BRDA:157,10,1,1
BRDA:165,11,0,1
BRDA:165,11,1,0
BRDA:169,12,0,0
BRDA:169,12,1,0
BRDA:174,13,0,0
BRDA:174,13,1,0
BRDA:204,14,0,0
BRDA:204,14,1,0
BRDA:204,14,2,2
BRDA:204,14,3,2
BRDA:204,14,4,3
BRDA:204,14,5,2
BRDA:204,14,6,1
BRDA:204,14,7,4
BRDA:204,14,8,1
BRDA:204,14,9,2
BRDA:204,14,10,0
BRDA:238,15,0,1
BRDA:238,15,1,0
BRDA:238,16,0,1
BRDA:238,16,1,0
BRDA:268,17,0,0
BRDA:268,17,1,5
BRDA:281,18,0,0
BRDA:281,18,1,3
BRDA:282,19,0,3
BRDA:282,19,1,0
BRDA:283,20,0,0
BRDA:283,20,1,0
BRDA:283,21,0,0
BRDA:283,21,1,0
BRDA:283,21,2,0
BRDA:283,21,3,0
BRDA:286,22,0,0
BRDA:286,22,1,0
BRDA:286,23,0,0
BRDA:286,23,1,0
BRDA:298,24,0,0
BRDA:298,24,1,0
BRDA:299,25,0,0
BRDA:299,25,1,0
BRDA:299,26,0,0
BRDA:299,26,1,0
BRF:65
BRH:26
end_of_record
TN:
SF:src/codegen/authMiddleware.js
FN:19,generateAuthMiddleware
FN:49,generateRouteWithAuth
FN:53,(anonymous_2)
FNF:3
FNH:3
FNDA:4,generateAuthMiddleware
FNDA:9,generateRouteWithAuth
FNDA:9,(anonymous_2)
DA:20,4
DA:22,4
DA:50,9
DA:51,9
DA:53,9
DA:56,9
LF:6
LH:6
BRDA:50,0,0,2
BRDA:50,0,1,7
BRF:2
BRH:2
end_of_record
TN:
SF:src/codegen/crud.js
FN:16,registerCrudImports
FN:28,generateTake
FN:41,generateRequire
FN:43,(anonymous_3)
FN:64,generateFind
FN:116,generatePaginate
FN:136,generateCreate
FN:150,generateUpdate
FN:170,generatePatchUpdate
FN:173,(anonymous_9)
FN:191,generateDelete
FN:207,generateReturn
FN:244,generateIf
FN:270,generateCrudStatements
FN:356,capitalise
FN:369,extractMessage
FN:386,extractStatus
FN:399,escapeQuotes
FNF:18
FNH:18
FNDA:39,registerCrudImports
FNDA:2,generateTake
FNDA:2,generateRequire
FNDA:3,(anonymous_3)
FNDA:9,generateFind
FNDA:4,generatePaginate
FNDA:3,generateCreate
FNDA:2,generateUpdate
FNDA:6,generatePatchUpdate
FNDA:11,(anonymous_9)
FNDA:2,generateDelete
FNDA:9,generateReturn
FNDA:1,generateIf
FNDA:39,generateCrudStatements
FNDA:26,capitalise
FNDA:1,extractMessage
FNDA:1,extractStatus
FNDA:6,escapeQuotes
DA:17,39
DA:29,2
DA:30,2
DA:42,2
DA:43,3
DA:44,2
DA:45,2
DA:65,9
DA:66,9
DA:67,9
DA:69,9
DA:70,9
DA:71,9
DA:72,1
DA:73,1
DA:74,0
DA:75,0
DA:78,8
DA:81,9
DA:82,9
DA:85,9
DA:86,3
DA:87,3
DA:88,3
DA:92,6
DA:93,5
DA:97,1
DA:98,1
DA:102,0
DA:117,4
DA:118,4
DA:119,4
DA:120,4
DA:122,4
DA:137,3
DA:138,3
DA:139,3
DA:151,2
DA:152,2
DA:171,6
DA:172,6
DA:173,11
DA:175,6
DA:176,6
DA:177,11
DA:179,6
DA:180,6
DA:192,2
DA:193,2
DA:208,9
DA:209,9
DA:212,9
DA:213,0
DA:217,9
DA:218,5
DA:219,5
DA:223,4
DA:224,4
DA:228,0
DA:229,0
DA:232,0
DA:245,1
DA:246,1
DA:248,1
DA:249,1
DA:250,1
DA:251,1
DA:252,1
DA:256,0
DA:257,0
DA:271,39
DA:273,39
DA:275,39
DA:276,45
DA:277,45
DA:279,2
DA:280,2
DA:283,2
DA:284,2
DA:288,9
DA:289,9
DA:290,9
DA:291,9
DA:292,9
DA:297,0
DA:298,0
DA:301,4
DA:302,4
DA:305,3
DA:306,3
DA:309,8
DA:312,8
DA:315,2
DA:316,2
DA:319,9
DA:320,9
DA:323,1
DA:324,1
DA:327,0
DA:328,0
DA:331,2
DA:332,2
DA:335,2
DA:336,2
DA:340,1
DA:344,39
DA:357,26
DA:358,26
DA:370,1
DA:371,1
DA:372,0
DA:373,0
DA:375,0
DA:376,0
DA:387,1
DA:388,1
DA:389,1
DA:400,6
LF:118
LH:101
BRDA:29,0,0,2
BRDA:29,0,1,0
BRDA:42,1,0,2
BRDA:42,1,1,0
BRDA:65,2,0,9
BRDA:65,2,1,0
BRDA:65,2,2,0
BRDA:71,3,0,1
BRDA:71,3,1,8
BRDA:71,4,0,9
BRDA:71,4,1,9
BRDA:72,5,0,1
BRDA:72,5,1,0
BRDA:74,6,0,0
BRDA:74,6,1,0
BRDA:78,7,0,8
BRDA:78,7,1,0
BRDA:81,8,0,9
BRDA:81,8,1,0
BRDA:82,9,0,4
BRDA:82,9,1,5
BRDA:85,10,0,3
BRDA:85,10,1,6
BRDA:85,11,0,9
BRDA:85,11,1,6
BRDA:87,12,0,3
BRDA:87,12,1,3
BRDA:92,13,0,5
BRDA:92,13,1,1
BRDA:92,14,0,6
BRDA:92,14,1,2
BRDA:97,15,0,1
BRDA:97,15,1,0
BRDA:117,16,0,4
BRDA:117,16,1,0
BRDA:117,16,2,0
BRDA:120,17,0,4
BRDA:120,17,1,1
BRDA:172,18,0,6
BRDA:172,18,1,0
BRDA:173,19,0,8
BRDA:173,19,1,3
BRDA:209,20,0,9
BRDA:209,20,1,0
BRDA:212,21,0,0
BRDA:212,21,1,9
BRDA:217,22,0,5
BRDA:217,22,1,4
BRDA:217,23,0,9
BRDA:217,23,1,4
BRDA:217,23,2,0
BRDA:218,24,0,0
BRDA:218,24,1,5
BRDA:223,25,0,4
BRDA:223,25,1,0
BRDA:228,26,0,0
BRDA:228,26,1,0
BRDA:245,27,0,1
BRDA:245,27,1,0
BRDA:248,28,0,1
BRDA:248,28,1,0
BRDA:248,29,0,1
BRDA:248,29,1,0
BRDA:249,30,0,1
BRDA:249,30,1,0
BRDA:256,31,0,0
BRDA:256,31,1,0
BRDA:277,32,0,2
BRDA:277,32,1,2
BRDA:277,32,2,9
BRDA:277,32,3,0
BRDA:277,32,4,4
BRDA:277,32,5,3
BRDA:277,32,6,8
BRDA:277,32,7,2
BRDA:277,32,8,9
BRDA:277,32,9,1
BRDA:277,32,10,0
BRDA:277,32,11,2
BRDA:277,32,12,2
BRDA:277,32,13,1
BRDA:289,33,0,4
BRDA:289,33,1,5
BRDA:289,34,0,9
BRDA:289,34,1,4
BRDA:290,35,0,4
BRDA:290,35,1,5
BRDA:310,36,0,6
BRDA:310,36,1,2
BRDA:357,37,0,0
BRDA:357,37,1,26
BRDA:370,38,0,0
BRDA:370,38,1,1
BRDA:371,39,0,1
BRDA:371,39,1,0
BRDA:372,40,0,0
BRDA:372,40,1,0
BRDA:372,41,0,0
BRDA:372,41,1,0
BRDA:372,41,2,0
BRDA:372,41,3,0
BRDA:375,42,0,0
BRDA:375,42,1,0
BRDA:375,43,0,0
BRDA:375,43,1,0
BRDA:387,44,0,0
BRDA:387,44,1,1
BRDA:388,45,0,0
BRDA:388,45,1,1
BRDA:388,46,0,1
BRDA:388,46,1,1
BRF:111
BRH:68
end_of_record
TN:
SF:src/codegen/database.js
FN:11,generateDatabase
FNF:1
FNH:1
FNDA:8,generateDatabase
DA:12,8
DA:15,8
LF:2
LH:2
BRDA:12,0,0,4
BRDA:12,0,1,4
BRF:2
BRH:2
end_of_record
TN:
SF:src/codegen/escape.js
FN:15,generateEscape
FNF:1
FNH:1
FNDA:4,generateEscape
DA:16,4
DA:17,4
DA:20,4
LF:3
LH:3
BRDA:16,0,0,0
BRDA:16,0,1,4
BRF:2
BRH:1
end_of_record
TN:
SF:src/codegen/imports.js
FN:18,addImport
FN:31,generateImports
FN:42,resetImports
FNF:3
FNH:3
FNDA:154,addImport
FNDA:17,generateImports
FNDA:159,resetImports
DA:10,9
DA:19,154
DA:20,144
DA:32,17
DA:33,17
DA:34,34
DA:36,17
DA:43,159
LF:8
LH:8
BRDA:19,0,0,144
BRDA:19,0,1,10
BRF:2
BRH:2
end_of_record
TN:
SF:src/codegen/jobs.js
FN:13,generateJobBody
FN:22,(anonymous_1)
FN:40,generateJob
FNF:3
FNH:3
FNDA:14,generateJobBody
FNDA:10,(anonymous_1)
FNDA:14,generateJob
DA:14,14
DA:15,5
DA:22,10
DA:41,14
DA:42,14
LF:5
LH:5
BRDA:13,0,0,14
BRDA:14,1,0,5
BRDA:14,1,1,9
BRDA:14,2,0,14
BRDA:14,2,1,14
BRF:5
BRH:5
end_of_record
TN:
SF:src/codegen/middleware.js
FN:37,generateMiddleware
FN:77,generateCustomMiddleware
FN:89,getCustomPackages
FN:96,resetCustomPackages
FNF:4
FNH:4
FNDA:8,generateMiddleware
FNDA:8,generateCustomMiddleware
FNDA:4,getCustomPackages
FNDA:46,resetCustomPackages
DA:14,4
DA:25,4
DA:38,8
DA:40,8
DA:41,4
DA:42,4
DA:43,4
DA:44,4
DA:47,4
DA:48,4
DA:49,1
DA:56,3
DA:57,1
DA:58,2
DA:59,0
DA:61,2
DA:63,3
DA:64,3
DA:65,3
DA:78,8
DA:79,8
DA:80,8
DA:81,8
DA:90,4
DA:97,46
LF:25
LH:24
BRDA:40,0,0,4
BRDA:40,0,1,4
BRDA:41,1,0,3
BRDA:41,1,1,1
BRDA:41,2,0,4
BRDA:41,2,1,3
BRDA:48,3,0,1
BRDA:48,3,1,3
BRDA:56,4,0,1
BRDA:56,4,1,2
BRDA:58,5,0,0
BRDA:58,5,1,2
BRF:12
BRH:11
end_of_record
TN:
SF:src/codegen/models.js
FN:36,inferFieldType
FN:57,resolveFieldType
FN:87,collectModelFields
FN:184,capitalise
FN:196,emitModel
FN:200,(anonymous_5)
FN:227,generateModels
FNF:7
FNH:7
FNDA:20,inferFieldType
FNDA:33,resolveFieldType
FNDA:32,collectModelFields
FNDA:14,capitalise
FNDA:14,emitModel
FNDA:33,(anonymous_5)
FNDA:32,generateModels
DA:17,5
DA:37,20
DA:38,20
DA:41,19
DA:42,18
DA:58,33
DA:59,0
DA:61,33
DA:63,33
DA:64,13
DA:66,0
DA:89,32
DA:91,32
DA:92,48
DA:95,18
DA:98,18
DA:100,18
DA:101,18
DA:105,14
DA:107,14
DA:108,14
DA:109,33
DA:110,33
DA:111,0
DA:112,0
DA:116,14
DA:120,0
DA:121,0
DA:124,0
DA:125,0
DA:129,0
DA:130,0
DA:131,0
DA:133,0
DA:134,0
DA:136,0
DA:139,4
DA:144,18
DA:145,14
DA:146,14
DA:148,14
DA:149,14
DA:150,33
DA:151,33
DA:153,33
DA:154,33
DA:155,0
DA:157,0
DA:158,0
DA:167,32
DA:168,32
DA:169,14
DA:171,32
DA:185,14
DA:186,14
DA:197,14
DA:198,14
DA:200,33
DA:203,14
DA:207,14
DA:228,32
DA:230,32
DA:232,14
DA:234,14
DA:235,14
DA:236,14
DA:239,14
LF:67
LH:50
BRDA:38,0,0,1
BRDA:38,0,1,19
BRDA:41,1,0,1
BRDA:41,1,1,18
BRDA:41,2,0,19
BRDA:41,2,1,1
BRDA:58,3,0,0
BRDA:58,3,1,33
BRDA:61,4,0,33
BRDA:61,4,1,0
BRDA:61,5,0,33
BRDA:61,5,1,33
BRDA:63,6,0,20
BRDA:63,6,1,13
BRDA:92,7,0,30
BRDA:92,7,1,18
BRDA:101,8,0,14
BRDA:101,8,1,14
BRDA:101,8,2,14
BRDA:101,8,3,0
BRDA:101,8,4,0
BRDA:101,8,5,0
BRDA:101,8,6,0
BRDA:101,8,7,4
BRDA:105,9,0,14
BRDA:105,9,1,0
BRDA:107,10,0,14
BRDA:107,10,1,0
BRDA:109,11,0,33
BRDA:109,11,1,0
BRDA:109,12,0,33
BRDA:109,12,1,33
BRDA:109,12,2,33
BRDA:110,13,0,33
BRDA:110,13,1,33
BRDA:111,14,0,0
BRDA:111,14,1,0
BRDA:120,15,0,0
BRDA:120,15,1,0
BRDA:124,16,0,0
BRDA:124,16,1,0
BRDA:129,17,0,0
BRDA:129,17,1,0
BRDA:131,18,0,0
BRDA:131,18,1,0
BRDA:133,19,0,0
BRDA:133,19,1,0
BRDA:145,20,0,14
BRDA:145,20,1,0
BRDA:150,21,0,33
BRDA:150,21,1,0
BRDA:151,22,0,33
BRDA:151,22,1,0
BRDA:153,23,0,33
BRDA:153,23,1,0
BRDA:154,24,0,33
BRDA:154,24,1,0
BRDA:155,25,0,0
BRDA:155,25,1,0
BRDA:155,26,0,0
BRDA:155,26,1,0
BRDA:185,27,0,0
BRDA:185,27,1,14
BRDA:203,28,0,14
BRDA:203,28,1,0
BRDA:230,29,0,18
BRDA:230,29,1,14
BRF:67
BRH:35
end_of_record
TN:
SF:src/codegen/server.js
FN:11,generateServer
FN:31,generateEnvExample
FN:32,(anonymous_2)
FNF:3
FNH:3
FNDA:7,generateServer
FNDA:4,generateEnvExample
FNDA:5,(anonymous_2)
DA:12,7
DA:15,7
DA:32,5
DA:33,4
LF:4
LH:4
BRDA:12,0,0,3
BRDA:12,0,1,4
BRF:2
BRH:2
end_of_record
TN:
SF:src/codegen/socket.js
FN:17,generateBroadcast
FN:34,generateSocketBody
FN:61,generateSocketHandler
FN:64,(anonymous_3)
FNF:4
FNH:4
FNDA:7,generateBroadcast
FNDA:10,generateSocketBody
FNDA:10,generateSocketHandler
FNDA:35,(anonymous_3)
DA:7,3
DA:18,7
DA:19,7
DA:35,10
DA:36,10
DA:37,7
DA:38,7
DA:41,10
DA:62,10
DA:63,10
DA:64,35
DA:67,10
LF:12
LH:12
BRDA:18,0,0,7
BRDA:18,0,1,0
BRDA:37,1,0,7
BRDA:37,1,1,0
BRDA:63,2,0,7
BRDA:63,2,1,3
BRF:6
BRH:4
end_of_record
TN:
SF:src/codegen/stream.js
FN:19,generateStream
FNF:1
FNH:1
FNDA:8,generateStream
DA:20,8
LF:1
LH:1
BRF:0
BRH:0
end_of_record
TN:
SF:src/codegen/tests.js
FN:14,deriveItDescription
FN:16,(anonymous_1)
FN:30,generateSendCall
FN:35,(anonymous_3)
FN:48,generateExpectAssertion
FN:83,generateTest
FN:106,generateTestFile
FNF:7
FNH:7
FNDA:13,deriveItDescription
FNDA:10,(anonymous_1)
FNDA:4,generateSendCall
FNDA:5,(anonymous_3)
FNDA:7,generateExpectAssertion
FNDA:13,generateTest
FNDA:4,generateTestFile
DA:6,3
DA:15,13
DA:16,10
DA:18,13
DA:19,4
DA:21,9
DA:31,4
DA:32,4
DA:33,4
DA:34,2
DA:35,5
DA:37,2
DA:39,4
DA:49,7
DA:50,4
DA:52,3
DA:53,3
DA:54,3
DA:55,2
DA:57,1
DA:59,0
DA:84,13
DA:85,13
DA:86,13
DA:87,13
DA:88,13
DA:89,11
DA:90,4
DA:91,7
DA:92,7
DA:95,13
DA:96,13
DA:97,13
DA:107,4
DA:112,4
DA:113,4
LF:36
LH:35
BRDA:16,0,0,10
BRDA:16,0,1,6
BRDA:18,1,0,4
BRDA:18,1,1,9
BRDA:33,2,0,2
BRDA:33,2,1,2
BRDA:33,3,0,4
BRDA:33,3,1,4
BRDA:49,4,0,4
BRDA:49,4,1,3
BRDA:52,5,0,3
BRDA:52,5,1,0
BRDA:54,6,0,2
BRDA:54,6,1,1
BRDA:89,7,0,4
BRDA:89,7,1,7
BRDA:91,8,0,7
BRDA:91,8,1,0
BRF:18
BRH:16
end_of_record
TN:
SF:src/codegen/validate.js
FN:17,escapeQuotes
FN:27,capitalise
FN:44,(anonymous_2)
FN:56,(anonymous_3)
FN:67,(anonymous_4)
FN:77,(anonymous_5)
FN:88,(anonymous_6)
FN:98,(anonymous_7)
FN:101,(anonymous_8)
FN:115,resolveRuleKey
FN:125,(anonymous_10)
FN:143,generateValidate
FNF:12
FNH:11
FNDA:34,escapeQuotes
FNDA:20,capitalise
FNDA:4,(anonymous_2)
FNDA:4,(anonymous_3)
FNDA:5,(anonymous_4)
FNDA:3,(anonymous_5)
FNDA:4,(anonymous_6)
FNDA:4,(anonymous_7)
FNDA:10,(anonymous_8)
FNDA:25,resolveRuleKey
FNDA:0,(anonymous_10)
FNDA:25,generateValidate
DA:18,34
DA:28,20
DA:29,20
DA:39,8
DA:45,4
DA:46,4
DA:57,4
DA:58,4
DA:59,4
DA:60,4
DA:68,5
DA:69,5
DA:70,5
DA:78,3
DA:79,3
DA:80,3
DA:81,3
DA:89,4
DA:90,4
DA:91,4
DA:99,4
DA:100,4
DA:101,10
DA:102,4
DA:103,4
DA:104,4
DA:116,25
DA:117,25
DA:118,25
DA:119,21
DA:120,17
DA:121,12
DA:122,9
DA:123,5
DA:125,1
DA:144,25
DA:145,25
DA:147,25
DA:148,1
DA:154,24
LF:40
LH:40
BRDA:28,0,0,0
BRDA:28,0,1,20
BRDA:116,1,0,0
BRDA:116,1,1,25
BRDA:118,2,0,4
BRDA:118,2,1,21
BRDA:118,3,0,25
BRDA:118,3,1,22
BRDA:119,4,0,4
BRDA:119,4,1,17
BRDA:119,5,0,21
BRDA:119,5,1,18
BRDA:120,6,0,5
BRDA:120,6,1,12
BRDA:120,7,0,17
BRDA:120,7,1,13
BRDA:121,8,0,3
BRDA:121,8,1,9
BRDA:121,9,0,12
BRDA:121,9,1,9
BRDA:122,10,0,4
BRDA:122,10,1,5
BRDA:122,11,0,9
BRDA:122,11,1,6
BRDA:123,12,0,4
BRDA:123,12,1,1
BRDA:123,13,0,5
BRDA:123,13,1,2
BRDA:147,14,0,1
BRDA:147,14,1,24
BRF:30
BRH:28
end_of_record
TN:
SF:src/codegen/backends/mongoose.js
FNF:0
FNH:0
LF:0
LH:0
BRF:0
BRH:0
end_of_record
TN:
SF:src/codegen/backends/prisma.js
FN:28,inferPrismaType
FN:43,resolvePrismaType
FN:61,capitalise
FN:76,collectModelFields
FN:154,generatePrismaSchema
FN:196,generateModels
FN:212,generateDatabase
FN:228,generateCrudStatements
FN:242,(anonymous_8)
FN:328,generatePrismaFind
FN:365,generatePrismaPaginate
FN:377,generatePrismaCreate
FN:383,generatePrismaUpdate
FN:388,generatePrismaPatchUpdate
FN:391,(anonymous_14)
FN:401,generatePrismaDelete
FNF:16
FNH:14
FNDA:6,inferPrismaType
FNDA:10,resolvePrismaType
FNDA:9,capitalise
FNDA:9,collectModelFields
FNDA:9,generatePrismaSchema
FNDA:2,generateModels
FNDA:2,generateDatabase
FNDA:10,generateCrudStatements
FNDA:0,(anonymous_8)
FNDA:4,generatePrismaFind
FNDA:0,generatePrismaPaginate
FNDA:2,generatePrismaCreate
FNDA:1,generatePrismaUpdate
FNDA:1,generatePrismaPatchUpdate
FNDA:2,(anonymous_14)
FNDA:2,generatePrismaDelete
DA:15,5
DA:29,6
DA:30,6
DA:31,6
DA:32,6
DA:44,10
DA:46,0
DA:48,10
DA:49,10
DA:50,4
DA:52,0
DA:62,9
DA:63,9
DA:77,9
DA:79,9
DA:80,9
DA:82,9
DA:83,9
DA:85,9
DA:86,9
DA:90,9
DA:91,9
DA:92,9
DA:93,10
DA:94,10
DA:95,0
DA:96,0
DA:100,9
DA:103,0
DA:104,0
DA:106,0
DA:107,0
DA:109,0
DA:110,0
DA:111,0
DA:113,0
DA:114,0
DA:116,0
DA:118,0
DA:122,9
DA:123,9
DA:124,9
DA:126,9
DA:127,9
DA:128,10
DA:129,10
DA:130,10
DA:136,9
DA:137,9
DA:138,9
DA:140,9
DA:155,9
DA:157,9
DA:168,9
DA:169,9
DA:170,9
DA:171,9
DA:172,9
DA:173,9
DA:174,9
DA:175,9
DA:176,10
DA:177,10
DA:178,10
DA:180,9
DA:183,9
DA:197,2
DA:213,2
DA:229,10
DA:231,10
DA:232,10
DA:233,10
DA:235,0
DA:236,0
DA:237,0
DA:241,0
DA:242,0
DA:243,0
DA:244,0
DA:245,0
DA:249,4
DA:250,4
DA:251,4
DA:252,4
DA:253,4
DA:257,0
DA:258,0
DA:261,0
DA:262,0
DA:265,2
DA:266,2
DA:269,2
DA:270,2
DA:273,2
DA:274,2
DA:277,0
DA:278,0
DA:279,0
DA:280,0
DA:281,0
DA:282,0
DA:283,0
DA:284,0
DA:285,0
DA:286,0
DA:287,0
DA:289,0
DA:291,0
DA:295,0
DA:296,0
DA:297,0
DA:298,0
DA:299,0
DA:300,0
DA:301,0
DA:302,0
DA:303,0
DA:305,0
DA:306,0
DA:308,0
DA:313,0
DA:314,0
DA:317,0
DA:321,10
DA:329,4
DA:330,4
DA:331,4
DA:333,4
DA:334,4
DA:335,4
DA:336,2
DA:337,0
DA:339,2
DA:342,4
DA:343,4
DA:347,4
DA:348,2
DA:349,2
DA:352,2
DA:353,2
DA:356,0
DA:357,0
DA:360,0
DA:361,0
DA:362,0
DA:366,0
DA:367,0
DA:368,0
DA:369,0
DA:371,0
DA:378,2
DA:379,2
DA:380,2
DA:384,1
DA:385,1
DA:389,1
DA:390,1
DA:391,2
DA:393,1
DA:394,1
DA:395,2
DA:397,1
DA:398,1
DA:402,2
DA:403,2
LF:165
LH:99
BRDA:30,0,0,0
BRDA:30,0,1,6
BRDA:31,1,0,0
BRDA:31,1,1,6
BRDA:31,2,0,6
BRDA:31,2,1,0
BRDA:44,3,0,0
BRDA:44,3,1,10
BRDA:48,4,0,10
BRDA:48,4,1,0
BRDA:48,5,0,10
BRDA:48,5,1,10
BRDA:49,6,0,6
BRDA:49,6,1,4
BRDA:62,7,0,0
BRDA:62,7,1,9
BRDA:80,8,0,0
BRDA:80,8,1,9
BRDA:86,9,0,9
BRDA:86,9,1,9
BRDA:86,9,2,9
BRDA:86,9,3,0
BRDA:86,9,4,0
BRDA:86,9,5,0
BRDA:86,9,6,0
BRDA:86,9,7,0
BRDA:90,10,0,9
BRDA:90,10,1,0
BRDA:91,11,0,9
BRDA:91,11,1,0
BRDA:93,12,0,10
BRDA:93,12,1,0
BRDA:93,13,0,10
BRDA:93,13,1,10
BRDA:93,13,2,10
BRDA:94,14,0,10
BRDA:94,14,1,10
BRDA:95,15,0,0
BRDA:95,15,1,0
BRDA:103,16,0,0
BRDA:103,16,1,0
BRDA:106,17,0,0
BRDA:106,17,1,0
BRDA:109,18,0,0
BRDA:109,18,1,0
BRDA:111,19,0,0
BRDA:111,19,1,0
BRDA:113,20,0,0
BRDA:113,20,1,0
BRDA:123,21,0,9
BRDA:123,21,1,0
BRDA:128,22,0,10
BRDA:128,22,1,0
BRDA:154,23,0,4
BRDA:176,24,0,0
BRDA:176,24,1,10
BRDA:177,25,0,10
BRDA:177,25,1,0
BRDA:233,26,0,0
BRDA:233,26,1,0
BRDA:233,26,2,4
BRDA:233,26,3,0
BRDA:233,26,4,0
BRDA:233,26,5,2
BRDA:233,26,6,2
BRDA:233,26,7,2
BRDA:233,26,8,0
BRDA:233,26,9,0
BRDA:233,26,10,0
BRDA:233,26,11,0
BRDA:235,27,0,0
BRDA:235,27,1,0
BRDA:241,28,0,0
BRDA:241,28,1,0
BRDA:250,29,0,0
BRDA:250,29,1,4
BRDA:250,30,0,4
BRDA:250,30,1,0
BRDA:251,31,0,0
BRDA:251,31,1,4
BRDA:269,32,0,1
BRDA:269,32,1,1
BRDA:278,33,0,0
BRDA:278,33,1,0
BRDA:279,34,0,0
BRDA:279,34,1,0
BRDA:282,35,0,0
BRDA:282,35,1,0
BRDA:282,36,0,0
BRDA:282,36,1,0
BRDA:282,36,2,0
BRDA:283,37,0,0
BRDA:283,37,1,0
BRDA:286,38,0,0
BRDA:286,38,1,0
BRDA:295,39,0,0
BRDA:295,39,1,0
BRDA:296,40,0,0
BRDA:296,40,1,0
BRDA:296,41,0,0
BRDA:296,41,1,0
BRDA:297,42,0,0
BRDA:297,42,1,0
BRDA:299,43,0,0
BRDA:299,43,1,0
BRDA:300,44,0,0
BRDA:300,44,1,0
BRDA:300,45,0,0
BRDA:300,45,1,0
BRDA:302,46,0,0
BRDA:302,46,1,0
BRDA:302,47,0,0
BRDA:302,47,1,0
BRDA:305,48,0,0
BRDA:305,48,1,0
BRDA:329,49,0,4
BRDA:329,49,1,0
BRDA:329,49,2,0
BRDA:335,50,0,2
BRDA:335,50,1,2
BRDA:335,51,0,4
BRDA:335,51,1,4
BRDA:336,52,0,2
BRDA:336,52,1,0
BRDA:337,53,0,0
BRDA:337,53,1,0
BRDA:339,54,0,2
BRDA:339,54,1,0
BRDA:342,55,0,4
BRDA:342,55,1,0
BRDA:343,56,0,0
BRDA:343,56,1,4
BRDA:347,57,0,2
BRDA:347,57,1,2
BRDA:347,58,0,4
BRDA:347,58,1,2
BRDA:348,59,0,2
BRDA:348,59,1,2
BRDA:352,60,0,2
BRDA:352,60,1,0
BRDA:352,61,0,2
BRDA:352,61,1,2
BRDA:356,62,0,0
BRDA:356,62,1,0
BRDA:361,63,0,0
BRDA:361,63,1,0
BRDA:366,64,0,0
BRDA:366,64,1,0
BRDA:366,64,2,0
BRDA:369,65,0,0
BRDA:369,65,1,0
BRDA:390,66,0,1
BRDA:390,66,1,0
BRDA:391,67,0,0
BRDA:391,67,1,2
BRF:155
BRH:56
end_of_record
TN:
SF:src/codegen/backends/sqlite.js
FN:24,generatePrismaSchema
FNF:1
FNH:1
FNDA:5,generatePrismaSchema
DA:25,5
DA:26,5
LF:2
LH:2
BRF:0
BRH:0
end_of_record
TN:
SF:src/compiler/resolve.js
FN:23,resolveImports
FN:80,resolveImportPath
FNF:2
FNH:2
FNDA:16,resolveImports
FNDA:11,resolveImportPath
DA:24,16
DA:25,16
DA:27,16
DA:29,16
DA:30,22
DA:31,11
DA:32,11
DA:36,11
DA:38,11
DA:39,2
DA:46,9
DA:47,9
DA:49,1
DA:55,8
DA:58,8
DA:61,6
DA:62,8
DA:63,7
DA:68,11
DA:69,11
DA:81,11
DA:82,11
LF:22
LH:22
BRDA:23,0,0,8
BRDA:30,1,0,11
BRDA:30,1,1,11
BRDA:38,2,0,2
BRDA:38,2,1,9
BRDA:62,3,0,7
BRDA:62,3,1,1
BRDA:81,4,0,1
BRDA:81,4,1,10
BRF:9
BRH:9
end_of_record
TN:
SF:src/errors/TrinaryError.js
FN:24,(anonymous_0)
FN:43,(anonymous_1)
FNF:2
FNH:1
FNDA:17,(anonymous_0)
FNDA:0,(anonymous_1)
DA:25,17
DA:26,17
DA:27,17
DA:28,17
DA:29,17
DA:30,17
DA:45,0
DA:50,0
DA:52,0
DA:53,0
DA:54,0
DA:56,0
LF:12
LH:6
BRDA:24,0,0,0
BRDA:24,1,0,5
BRDA:24,2,0,5
BRDA:24,3,0,0
BRDA:24,4,0,13
BRDA:45,5,0,0
BRDA:45,5,1,0
BRDA:46,6,0,0
BRDA:46,6,1,0
BRDA:53,7,0,0
BRDA:53,7,1,0
BRF:11
BRH:3
end_of_record
TN:
SF:src/errors/messages.js
FN:40,interpolate
FN:41,(anonymous_1)
FNF:2
FNH:2
FNDA:7,interpolate
FNDA:10,(anonymous_1)
DA:10,12
DA:41,7
DA:42,10
LF:3
LH:3
BRDA:40,0,0,0
BRDA:42,1,0,10
BRDA:42,1,1,0
BRF:3
BRH:1
end_of_record
TN:
SF:src/errors/suggestions.js
FN:16,levenshtein
FN:23,(anonymous_1)
FN:51,suggest
FNF:3
FNH:3
FNDA:91,levenshtein
FNDA:558,(anonymous_1)
FNDA:1,suggest
DA:17,91
DA:18,91
DA:20,91
DA:21,91
DA:23,558
DA:24,91
DA:26,91
DA:27,910
DA:28,910
DA:29,4670
DA:30,4670
DA:36,910
DA:39,91
DA:52,1
DA:53,1
DA:55,1
DA:56,91
DA:57,91
DA:58,0
DA:59,0
DA:63,1
LF:21
LH:19
BRDA:20,0,0,0
BRDA:20,0,1,91
BRDA:21,1,0,0
BRDA:21,1,1,91
BRDA:29,2,0,232
BRDA:29,2,1,4438
BRDA:51,3,0,1
BRDA:57,4,0,0
BRDA:57,4,1,91
BRDA:63,5,0,0
BRDA:63,5,1,1
BRF:11
BRH:7
end_of_record
TN:
SF:src/lexer/keywords.js
FNF:0
FNH:0
DA:6,7
LF:1
LH:1
BRF:0
BRH:0
end_of_record
TN:
SF:src/lexer/lexer.js
FN:38,tokenize
FN:175,tokenizeFile
FNF:2
FNH:1
FNDA:93,tokenize
FNDA:0,tokenizeFile
DA:18,7
DA:21,7
DA:39,93
DA:40,93
DA:41,93
DA:43,93
DA:44,270
DA:45,270
DA:48,270
DA:51,270
DA:54,239
DA:59,237
DA:60,237
DA:61,481
DA:62,244
DA:64,237
DA:70,237
DA:71,0
DA:75,0
DA:76,0
DA:77,237
DA:79,0
DA:81,237
DA:84,237
DA:86,237
DA:87,71
DA:88,71
DA:90,166
DA:91,5
DA:92,5
DA:98,237
DA:99,237
DA:101,237
DA:103,1032
DA:104,1032
DA:105,369
DA:106,369
DA:107,369
DA:111,663
DA:113,662
DA:115,662
DA:117,2606
DA:119,2599
DA:120,2599
DA:121,655
DA:122,655
DA:123,655
DA:125,655
DA:127,30
DA:128,625
DA:130,513
DA:131,406
DA:133,112
DA:135,0
DA:138,655
DA:139,655
DA:140,655
DA:141,655
DA:142,655
DA:146,662
DA:147,7
DA:155,230
DA:159,86
DA:160,66
DA:161,66
DA:164,86
DA:166,86
DA:176,0
DA:177,0
LF:69
LH:62
BRDA:51,0,0,31
BRDA:51,0,1,239
BRDA:54,1,0,2
BRDA:54,1,1,237
BRDA:61,2,0,244
BRDA:61,2,1,237
BRDA:61,3,0,481
BRDA:61,3,1,237
BRDA:70,4,0,0
BRDA:70,4,1,237
BRDA:70,5,0,237
BRDA:70,5,1,0
BRDA:77,6,0,0
BRDA:77,6,1,237
BRDA:86,7,0,71
BRDA:86,7,1,166
BRDA:104,8,0,369
BRDA:104,8,1,663
BRDA:111,9,0,1
BRDA:111,9,1,662
BRDA:117,10,0,7
BRDA:117,10,1,2599
BRDA:120,11,0,655
BRDA:120,11,1,1944
BRDA:125,12,0,30
BRDA:125,12,1,625
BRDA:128,13,0,513
BRDA:128,13,1,112
BRDA:130,14,0,406
BRDA:130,14,1,107
BRDA:131,15,0,406
BRDA:131,15,1,373
BRDA:133,16,0,0
BRDA:133,16,1,112
BRDA:146,17,0,7
BRDA:146,17,1,655
BRF:36
BRH:32
end_of_record
TN:
SF:src/lexer/patterns.js
FNF:0
FNH:0
DA:9,7
LF:1
LH:1
BRF:0
BRH:0
end_of_record
TN:
SF:src/lexer/tokens.js
FNF:0
FNH:0
DA:5,7
LF:1
LH:1
BRF:0
BRH:0
end_of_record
TN:
SF:src/parser/ast.js
FN:6,ProgramNode
FN:10,DatabaseTypeDeclarationNode
FN:14,ServerDeclarationNode
FN:18,DatabaseDeclarationNode
FN:22,MiddlewareDeclarationNode
FN:26,RouteNode
FN:30,AuthNode
FN:34,TakeNode
FN:38,RequireNode
FN:42,ValidateNode
FN:46,FindNode
FN:50,CreateNode
FN:54,UpdateNode
FN:58,DeleteNode
FN:62,ReturnNode
FN:66,ExistsCheckNode
FN:70,IfNode
FN:74,HashNode
FN:78,PaginateNode
FN:82,EscapeHatchNode
FN:86,FieldNode
FN:90,PopulateNode
FN:94,MiddlewareNode
FN:98,ImportNode
FN:102,StreamNode
FN:106,SocketNode
FN:110,BroadcastNode
FN:114,JobNode
FN:118,TestNode
FN:122,SendNode
FN:126,ExpectNode
FNF:31
FNH:19
FNDA:56,ProgramNode
FNDA:0,DatabaseTypeDeclarationNode
FNDA:28,ServerDeclarationNode
FNDA:6,DatabaseDeclarationNode
FNDA:0,MiddlewareDeclarationNode
FNDA:33,RouteNode
FNDA:7,AuthNode
FNDA:2,TakeNode
FNDA:0,RequireNode
FNDA:2,ValidateNode
FNDA:7,FindNode
FNDA:0,CreateNode
FNDA:0,UpdateNode
FNDA:7,DeleteNode
FNDA:24,ReturnNode
FNDA:0,ExistsCheckNode
FNDA:2,IfNode
FNDA:0,HashNode
FNDA:0,PaginateNode
FNDA:2,EscapeHatchNode
FNDA:0,FieldNode
FNDA:0,PopulateNode
FNDA:0,MiddlewareNode
FNDA:11,ImportNode
FNDA:0,StreamNode
FNDA:4,SocketNode
FNDA:4,BroadcastNode
FNDA:8,JobNode
FNDA:2,TestNode
FNDA:2,SendNode
FNDA:2,ExpectNode
DA:7,56
DA:11,0
DA:15,28
DA:19,6
DA:23,0
DA:27,33
DA:31,7
DA:35,2
DA:39,0
DA:43,2
DA:47,7
DA:51,0
DA:55,0
DA:59,7
DA:63,24
DA:67,0
DA:71,2
DA:75,0
DA:79,0
DA:83,2
DA:87,0
DA:91,0
DA:95,0
DA:99,11
DA:103,0
DA:107,4
DA:111,4
DA:115,8
DA:119,2
DA:123,2
DA:127,2
LF:31
LH:19
BRDA:6,0,0,0
BRDA:14,1,0,28
BRDA:18,2,0,6
BRDA:86,3,0,0
BRDA:86,4,0,0
BRF:5
BRH:2
end_of_record
TN:
SF:src/parser/parser.js
FN:64,parseNumber
FN:75,(anonymous_1)
FN:82,(anonymous_2)
FN:86,(anonymous_3)
FN:92,(anonymous_4)
FN:97,(anonymous_5)
FN:102,(anonymous_6)
FN:115,(anonymous_7)
FN:125,(anonymous_8)
FN:131,(anonymous_9)
FN:136,(anonymous_10)
FN:142,(anonymous_11)
FN:158,(anonymous_12)
FN:182,(anonymous_13)
FN:199,(anonymous_14)
FN:228,(anonymous_15)
FN:250,(anonymous_16)
FN:261,(anonymous_17)
FN:274,(anonymous_18)
FN:289,(anonymous_19)
FN:333,(anonymous_20)
FN:348,(anonymous_21)
FN:356,(anonymous_22)
FN:369,(anonymous_23)
FN:413,(anonymous_24)
FN:441,(anonymous_25)
FN:451,(anonymous_26)
FN:461,(anonymous_27)
FN:471,(anonymous_28)
FN:506,(anonymous_29)
FN:516,(anonymous_30)
FN:537,(anonymous_31)
FN:545,(anonymous_32)
FN:555,(anonymous_33)
FN:565,(anonymous_34)
FN:575,(anonymous_35)
FN:614,(anonymous_36)
FN:672,(anonymous_37)
FN:680,(anonymous_38)
FN:701,(anonymous_39)
FN:720,(anonymous_40)
FN:733,(anonymous_41)
FN:759,(anonymous_42)
FN:771,(anonymous_43)
FN:808,(anonymous_44)
FN:819,(anonymous_45)
FN:821,(anonymous_46)
FN:858,parse
FN:868,parseFile
FNF:49
FNH:36
FNDA:37,parseNumber
FNDA:61,(anonymous_1)
FNDA:1911,(anonymous_2)
FNDA:782,(anonymous_3)
FNDA:1196,(anonymous_4)
FNDA:145,(anonymous_5)
FNDA:318,(anonymous_6)
FNDA:41,(anonymous_7)
FNDA:170,(anonymous_8)
FNDA:265,(anonymous_9)
FNDA:157,(anonymous_10)
FNDA:61,(anonymous_11)
FNDA:97,(anonymous_12)
FNDA:29,(anonymous_13)
FNDA:6,(anonymous_14)
FNDA:0,(anonymous_15)
FNDA:11,(anonymous_16)
FNDA:35,(anonymous_17)
FNDA:47,(anonymous_18)
FNDA:58,(anonymous_19)
FNDA:7,(anonymous_20)
FNDA:2,(anonymous_21)
FNDA:0,(anonymous_22)
FNDA:2,(anonymous_23)
FNDA:7,(anonymous_24)
FNDA:0,(anonymous_25)
FNDA:0,(anonymous_26)
FNDA:7,(anonymous_27)
FNDA:24,(anonymous_28)
FNDA:0,(anonymous_29)
FNDA:2,(anonymous_30)
FNDA:0,(anonymous_31)
FNDA:0,(anonymous_32)
FNDA:0,(anonymous_33)
FNDA:0,(anonymous_34)
FNDA:4,(anonymous_35)
FNDA:8,(anonymous_36)
FNDA:2,(anonymous_37)
FNDA:2,(anonymous_38)
FNDA:2,(anonymous_39)
FNDA:0,(anonymous_40)
FNDA:2,(anonymous_41)
FNDA:4,(anonymous_42)
FNDA:2,(anonymous_43)
FNDA:2,(anonymous_44)
FNDA:0,(anonymous_45)
FNDA:0,(anonymous_46)
FNDA:61,parse
FNDA:0,parseFile
DA:46,6
DA:54,6
DA:61,6
DA:65,37
DA:66,37
DA:67,0
DA:71,37
DA:76,61
DA:77,61
DA:83,1911
DA:87,782
DA:88,782
DA:89,782
DA:93,1196
DA:94,1196
DA:98,145
DA:99,93
DA:103,318
DA:104,318
DA:105,2
DA:106,2
DA:107,2
DA:111,316
DA:116,41
DA:117,41
DA:118,41
DA:120,0
DA:126,170
DA:127,170
DA:132,265
DA:137,157
DA:143,61
DA:144,61
DA:145,61
DA:146,61
DA:147,97
DA:148,92
DA:149,0
DA:151,92
DA:153,92
DA:155,56
DA:159,97
DA:160,97
DA:161,84
DA:162,29
DA:163,6
DA:164,0
DA:165,35
DA:166,4
DA:167,8
DA:168,2
DA:171,13
DA:172,11
DA:174,2
DA:183,29
DA:184,29
DA:185,29
DA:186,0
DA:187,0
DA:188,0
DA:190,29
DA:191,28
DA:192,28
DA:200,6
DA:202,6
DA:203,6
DA:204,0
DA:205,0
DA:206,0
DA:207,0
DA:212,0
DA:213,0
DA:215,6
DA:216,6
DA:217,0
DA:218,0
DA:219,0
DA:221,6
DA:222,6
DA:223,6
DA:229,0
DA:230,0
DA:232,0
DA:233,0
DA:234,0
DA:236,0
DA:237,0
DA:238,0
DA:239,0
DA:240,0
DA:241,0
DA:245,0
DA:246,0
DA:251,11
DA:252,11
DA:253,11
DA:254,11
DA:255,11
DA:256,11
DA:262,35
DA:263,35
DA:264,34
DA:265,34
DA:266,71
DA:268,34
DA:269,34
DA:270,33
DA:275,47
DA:276,47
DA:277,46
DA:278,46
DA:279,46
DA:280,57
DA:281,56
DA:283,45
DA:284,45
DA:290,58
DA:291,58
DA:292,55
DA:293,7
DA:294,2
DA:295,0
DA:296,2
DA:297,7
DA:298,0
DA:299,0
DA:300,7
DA:301,24
DA:302,0
DA:303,2
DA:304,0
DA:305,0
DA:306,0
DA:307,0
DA:308,4
DA:312,3
DA:313,3
DA:314,3
DA:315,2
DA:316,2
DA:317,2
DA:321,1
DA:322,1
DA:323,1
DA:324,1
DA:334,7
DA:335,7
DA:336,7
DA:337,6
DA:338,6
DA:339,6
DA:340,6
DA:343,7
DA:344,7
DA:349,2
DA:350,2
DA:351,2
DA:352,2
DA:357,0
DA:358,0
DA:359,0
DA:360,0
DA:370,2
DA:371,2
DA:373,2
DA:374,1
DA:375,1
DA:377,0
DA:378,0
DA:379,0
DA:380,0
DA:382,0
DA:383,0
DA:386,1
DA:387,1
DA:390,1
DA:392,1
DA:393,1
DA:394,1
DA:395,0
DA:396,0
DA:397,0
DA:398,0
DA:399,0
DA:401,1
DA:402,1
DA:405,0
DA:406,0
DA:414,7
DA:415,7
DA:416,7
DA:417,7
DA:418,7
DA:419,7
DA:420,0
DA:421,0
DA:422,0
DA:423,0
DA:424,0
DA:425,0
DA:426,0
DA:428,0
DA:430,0
DA:431,0
DA:433,0
DA:436,7
DA:437,7
DA:442,0
DA:443,0
DA:444,0
DA:445,0
DA:446,0
DA:447,0
DA:452,0
DA:453,0
DA:454,0
DA:455,0
DA:456,0
DA:457,0
DA:462,7
DA:463,7
DA:464,7
DA:465,7
DA:466,7
DA:467,7
DA:472,24
DA:473,24
DA:474,24
DA:475,24
DA:476,24
DA:477,3
DA:478,3
DA:479,21
DA:480,19
DA:481,2
DA:482,0
DA:484,2
DA:486,2
DA:487,0
DA:488,0
DA:492,0
DA:493,0
DA:498,24
DA:499,3
DA:501,24
DA:502,24
DA:507,0
DA:508,0
DA:509,0
DA:510,0
DA:511,0
DA:512,0
DA:517,2
DA:518,2
DA:519,2
DA:520,5
DA:521,5
DA:522,4
DA:524,2
DA:525,2
DA:526,2
DA:527,1
DA:528,1
DA:530,1
DA:531,1
DA:533,2
DA:538,0
DA:539,0
DA:540,0
DA:541,0
DA:546,0
DA:547,0
DA:548,0
DA:549,0
DA:550,0
DA:551,0
DA:556,0
DA:557,0
DA:558,0
DA:559,0
DA:560,0
DA:561,0
DA:566,0
DA:567,0
DA:568,0
DA:569,0
DA:576,4
DA:577,4
DA:578,4
DA:579,8
DA:581,4
DA:583,4
DA:584,4
DA:586,4
DA:587,4
DA:588,4
DA:589,4
DA:590,4
DA:591,4
DA:592,4
DA:593,4
DA:594,4
DA:600,4
DA:601,0
DA:603,4
DA:606,4
DA:615,8
DA:619,8
DA:620,4
DA:621,3
DA:622,2
DA:623,1
DA:624,1
DA:626,0
DA:627,0
DA:633,1
DA:635,4
DA:636,1
DA:637,3
DA:638,3
DA:639,3
DA:640,3
DA:641,3
DA:642,3
DA:643,1
DA:644,2
DA:645,1
DA:646,1
DA:647,1
DA:649,0
DA:655,0
DA:656,0
DA:662,8
DA:663,8
DA:664,8
DA:673,2
DA:674,2
DA:675,2
DA:676,2
DA:677,2
DA:681,2
DA:682,2
DA:683,2
DA:684,2
DA:685,2
DA:686,4
DA:687,4
DA:688,2
DA:689,2
DA:690,2
DA:692,0
DA:694,4
DA:696,2
DA:697,2
DA:702,2
DA:703,2
DA:704,2
DA:705,2
DA:706,4
DA:707,4
DA:708,4
DA:710,2
DA:711,2
DA:712,2
DA:713,0
DA:715,2
DA:716,2
DA:721,0
DA:722,0
DA:723,0
DA:724,0
DA:725,0
DA:727,0
DA:734,2
DA:735,2
DA:736,2
DA:737,2
DA:738,2
DA:740,0
DA:741,0
DA:742,0
DA:743,0
DA:744,0
DA:745,0
DA:747,0
DA:748,0
DA:749,0
DA:751,0
DA:752,0
DA:760,4
DA:761,4
DA:762,4
DA:763,4
DA:772,2
DA:773,2
DA:775,2
DA:776,2
DA:777,2
DA:779,0
DA:782,2
DA:783,2
DA:784,2
DA:785,2
DA:786,2
DA:787,10
DA:788,2
DA:789,2
DA:791,8
DA:794,2
DA:795,2
DA:797,0
DA:798,0
DA:800,0
DA:801,0
DA:809,2
DA:810,2
DA:811,2
DA:813,2
DA:820,0
DA:821,0
DA:822,0
DA:823,0
DA:824,0
DA:825,0
DA:826,0
DA:827,0
DA:828,0
DA:830,0
DA:837,0
DA:838,0
DA:839,0
DA:840,0
DA:842,0
DA:844,0
DA:845,0
DA:846,0
DA:848,0
DA:859,61
DA:869,0
DA:870,0
LF:440
LH:281
BRDA:66,0,0,0
BRDA:66,0,1,37
BRDA:88,1,0,782
BRDA:88,1,1,0
BRDA:92,2,0,1051
BRDA:94,3,0,1196
BRDA:94,3,1,459
BRDA:94,3,2,80
BRDA:97,4,0,35
BRDA:98,5,0,52
BRDA:98,5,1,93
BRDA:102,6,0,130
BRDA:104,7,0,2
BRDA:104,7,1,316
BRDA:104,8,0,318
BRDA:104,8,1,316
BRDA:104,8,2,188
BRDA:106,9,0,0
BRDA:106,9,1,2
BRDA:117,10,0,41
BRDA:117,10,1,0
BRDA:117,11,0,41
BRDA:117,11,1,8
BRDA:127,12,0,170
BRDA:127,12,1,119
BRDA:127,12,2,119
BRDA:148,13,0,0
BRDA:148,13,1,92
BRDA:160,14,0,84
BRDA:160,14,1,13
BRDA:161,15,0,29
BRDA:161,15,1,6
BRDA:161,15,2,0
BRDA:161,15,3,35
BRDA:161,15,4,4
BRDA:161,15,5,8
BRDA:161,15,6,2
BRDA:171,16,0,11
BRDA:171,16,1,2
BRDA:185,17,0,0
BRDA:185,17,1,29
BRDA:203,18,0,0
BRDA:203,18,1,6
BRDA:203,19,0,6
BRDA:203,19,1,6
BRDA:206,20,0,0
BRDA:206,20,1,0
BRDA:206,21,0,0
BRDA:206,21,1,0
BRDA:206,21,2,0
BRDA:216,22,0,0
BRDA:216,22,1,6
BRDA:232,23,0,0
BRDA:232,23,1,0
BRDA:237,24,0,0
BRDA:237,24,1,0
BRDA:237,25,0,0
BRDA:237,25,1,0
BRDA:238,26,0,0
BRDA:238,26,1,0
BRDA:240,27,0,0
BRDA:240,27,1,0
BRDA:276,28,0,1
BRDA:276,28,1,46
BRDA:279,29,0,102
BRDA:279,29,1,57
BRDA:283,30,0,45
BRDA:283,30,1,0
BRDA:291,31,0,55
BRDA:291,31,1,3
BRDA:292,32,0,7
BRDA:292,32,1,2
BRDA:292,32,2,0
BRDA:292,32,3,2
BRDA:292,32,4,7
BRDA:292,32,5,0
BRDA:292,32,6,0
BRDA:292,32,7,7
BRDA:292,32,8,24
BRDA:292,32,9,0
BRDA:292,32,10,2
BRDA:292,32,11,0
BRDA:292,32,12,0
BRDA:292,32,13,0
BRDA:292,32,14,0
BRDA:292,32,15,4
BRDA:312,33,0,3
BRDA:312,33,1,0
BRDA:313,34,0,0
BRDA:313,34,1,3
BRDA:314,35,0,2
BRDA:314,35,1,1
BRDA:316,36,0,2
BRDA:316,36,1,0
BRDA:316,37,0,2
BRDA:316,37,1,2
BRDA:316,37,2,2
BRDA:322,38,0,0
BRDA:322,38,1,1
BRDA:323,39,0,1
BRDA:323,39,1,1
BRDA:336,40,0,6
BRDA:336,40,1,1
BRDA:338,41,0,6
BRDA:338,41,1,0
BRDA:338,42,0,6
BRDA:338,42,1,0
BRDA:338,42,2,6
BRDA:373,43,0,1
BRDA:373,43,1,1
BRDA:375,44,0,0
BRDA:375,44,1,1
BRDA:390,45,0,1
BRDA:390,45,1,0
BRDA:394,46,0,0
BRDA:394,46,1,1
BRDA:394,47,0,1
BRDA:394,47,1,0
BRDA:420,48,0,0
BRDA:420,48,1,0
BRDA:423,49,0,0
BRDA:423,49,1,0
BRDA:425,50,0,0
BRDA:425,50,1,0
BRDA:425,51,0,0
BRDA:425,51,1,0
BRDA:430,52,0,0
BRDA:430,52,1,0
BRDA:475,53,0,24
BRDA:475,53,1,0
BRDA:476,54,0,3
BRDA:476,54,1,21
BRDA:479,55,0,19
BRDA:479,55,1,2
BRDA:481,56,0,0
BRDA:481,56,1,2
BRDA:486,57,0,0
BRDA:486,57,1,2
BRDA:486,58,0,2
BRDA:486,58,1,0
BRDA:488,59,0,0
BRDA:488,59,1,0
BRDA:489,60,0,0
BRDA:489,60,1,0
BRDA:489,60,2,0
BRDA:498,61,0,3
BRDA:498,61,1,21
BRDA:521,62,0,1
BRDA:521,62,1,4
BRDA:521,63,0,5
BRDA:521,63,1,5
BRDA:526,64,0,1
BRDA:526,64,1,1
BRDA:528,65,0,1
BRDA:528,65,1,0
BRDA:586,66,0,4
BRDA:586,66,1,0
BRDA:589,67,0,4
BRDA:589,67,1,0
BRDA:589,68,0,4
BRDA:589,68,1,4
BRDA:600,69,0,4
BRDA:600,69,1,0
BRDA:603,70,0,4
BRDA:603,70,1,0
BRDA:619,71,0,4
BRDA:619,71,1,4
BRDA:620,72,0,3
BRDA:620,72,1,1
BRDA:621,73,0,2
BRDA:621,73,1,1
BRDA:623,74,0,1
BRDA:623,74,1,0
BRDA:635,75,0,1
BRDA:635,75,1,3
BRDA:637,76,0,3
BRDA:637,76,1,0
BRDA:642,77,0,1
BRDA:642,77,1,2
BRDA:642,78,0,3
BRDA:642,78,1,2
BRDA:644,79,0,1
BRDA:644,79,1,1
BRDA:644,80,0,2
BRDA:644,80,1,1
BRDA:646,81,0,1
BRDA:646,81,1,0
BRDA:646,82,0,1
BRDA:646,82,1,0
BRDA:682,83,0,0
BRDA:682,83,1,2
BRDA:685,84,0,6
BRDA:685,84,1,4
BRDA:687,85,0,2
BRDA:687,85,1,2
BRDA:687,86,0,4
BRDA:687,86,1,4
BRDA:689,87,0,2
BRDA:689,87,1,0
BRDA:689,88,0,2
BRDA:689,88,1,2
BRDA:696,89,0,2
BRDA:696,89,1,0
BRDA:707,90,0,0
BRDA:707,90,1,4
BRDA:707,91,0,4
BRDA:707,91,1,0
BRDA:712,92,0,0
BRDA:712,92,1,2
BRDA:735,93,0,2
BRDA:735,93,1,0
BRDA:740,94,0,0
BRDA:740,94,1,0
BRDA:743,95,0,0
BRDA:743,95,1,0
BRDA:775,96,0,2
BRDA:775,96,1,0
BRDA:784,97,0,2
BRDA:784,97,1,0
BRDA:786,98,0,12
BRDA:786,98,1,10
BRDA:787,99,0,2
BRDA:787,99,1,8
BRDA:794,100,0,2
BRDA:794,100,1,0
BRDA:825,101,0,0
BRDA:825,101,1,0
BRDA:827,102,0,0
BRDA:827,102,1,0
BRDA:837,103,0,0
BRDA:837,103,1,0
BRF:231
BRH:140
end_of_record
TN:
SF:src/plugin/index.js
FN:42,registerKeyword
FN:57,registerASTNode
FN:74,registerEmitter
FN:94,applyKeywords
FN:133,_resetRegistry
FNF:5
FNH:5
FNDA:10,registerKeyword
FNDA:5,registerASTNode
FNDA:5,registerEmitter
FNDA:14,applyKeywords
FNDA:21,_resetRegistry
DA:25,8
DA:28,8
DA:31,8
DA:43,10
DA:44,2
DA:46,8
DA:58,5
DA:59,1
DA:61,4
DA:62,1
DA:64,3
DA:75,5
DA:76,1
DA:78,4
DA:79,1
DA:81,3
DA:95,14
DA:96,6
DA:106,8
DA:113,8
DA:122,8
DA:134,21
DA:135,21
DA:136,21
LF:24
LH:24
BRDA:43,0,0,2
BRDA:43,0,1,8
BRDA:43,1,0,10
BRDA:43,1,1,9
BRDA:58,2,0,1
BRDA:58,2,1,4
BRDA:58,3,0,5
BRDA:58,3,1,4
BRDA:61,4,0,1
BRDA:61,4,1,3
BRDA:75,5,0,1
BRDA:75,5,1,4
BRDA:75,6,0,5
BRDA:75,6,1,5
BRDA:78,7,0,1
BRDA:78,7,1,3
BRF:16
BRH:16
end_of_record
